#
# There is insufficient memory for the Java Runtime Environment to continue.
# Native memory allocation (mmap) failed to map 275775488 bytes for committing reserved memory.
# Possible reasons:
#   The system is out of physical RAM or swap space
#   The process is running with CompressedOops enabled, and the Java Heap may be blocking the growth of the native heap
# Possible solutions:
#   Reduce memory load on the system
#   Increase physical memory or swap space
#   Check if swap backing store is full
#   Decrease Java heap size (-Xmx/-Xms)
#   Decrease number of Java threads
#   Decrease Java thread stack sizes (-Xss)
#   Set larger code cache with -XX:ReservedCodeCacheSize=
#   JVM is running with Unscaled Compressed Oops mode in which the Java heap is
#     placed in the first 4GB address space. The Java Heap base address is the
#     maximum limit for the native heap growth. Please use -XX:HeapBaseMinAddress
#     to set the Java Heap base and to place the Java Heap above 4GB virtual address.
# This output file may be truncated or incomplete.
#
#  Out of Memory Error (os_linux.cpp:2922), pid=6881, tid=6891
#
# JRE version: OpenJDK Runtime Environment (11.0.9.1+1) (build 11.0.9.1+1-Ubuntu-0ubuntu1.20.04)
# Java VM: OpenJDK 64-Bit Server VM (11.0.9.1+1-Ubuntu-0ubuntu1.20.04, mixed mode, sharing, tiered, compressed oops, g1 gc, linux-amd64)
# No core dump will be written. Core dumps have been disabled. To enable core dumping, try "ulimit -c unlimited" before starting Java again
#

---------------  S U M M A R Y ------------

Command Line: -agentlib:jdwp=transport=dt_socket,server=n,suspend=y,address=192.168.124.1:34539 -Dfile.encoding=windows-1252 -Duser.country=US -Duser.language=en -Duser.variant station_rate.AppKt

Host: AMD Ryzen 7 2700X Eight-Core Processor, 16 cores, 7G, Ubuntu 20.04.1 LTS
Time: Sun Nov 21 16:19:50 2021 JST elapsed time: 1.163164 seconds (0d 0h 0m 1s)

---------------  T H R E A D  ---------------

Current thread (0x00007f744c139000):  VMThread "VM Thread" [stack: 0x00007f741b57d000,0x00007f741b67d000] [id=6891]

Stack: [0x00007f741b57d000,0x00007f741b67d000],  sp=0x00007f741b67ae30,  free space=1015k
Native frames: (J=compiled Java code, A=aot compiled Java code, j=interpreted, Vv=VM code, C=native code)
V  [libjvm.so+0xe8177a]
V  [libjvm.so+0xe82461]
V  [libjvm.so+0x66a11a]
V  [libjvm.so+0xbcdd40]
V  [libjvm.so+0xbc4631]
V  [libjvm.so+0x77fa72]
V  [libjvm.so+0x77fe60]
V  [libjvm.so+0x78b0b7]
V  [libjvm.so+0x809f98]
V  [libjvm.so+0x80abb8]
V  [libjvm.so+0x80b1ee]
V  [libjvm.so+0x739046]
V  [libjvm.so+0x73d79c]
V  [libjvm.so+0xe8c7e6]
V  [libjvm.so+0xe84000]
V  [libjvm.so+0xe89ee7]
V  [libjvm.so+0xe8a520]
V  [libjvm.so+0xe8a886]
V  [libjvm.so+0xe14330]
V  [libjvm.so+0xbd26e6]

VM_Operation (0x00007f74504db0d0): G1CollectForAllocation, mode: safepoint, requested by thread 0x00007f744c018000


---------------  P R O C E S S  ---------------

Threads class SMR info:
_java_thread_list=0x00007f744c4854b0, length=13, elements={
0x00007f744c018000, 0x00007f744c13b800, 0x00007f744c13d800, 0x00007f744c14c800,
0x00007f744c14e800, 0x00007f744c150800, 0x00007f744c152800, 0x00007f744c197000,
0x00007f744c19b000, 0x00007f73f8001800, 0x00007f744c19c800, 0x00007f744c1a3000,
0x00007f744c484800
}

Java Threads: ( => current thread )
  0x00007f744c018000 JavaThread "main" [_thread_blocked, id=6885, stack(0x00007f74503dc000,0x00007f74504dd000)]
  0x00007f744c13b800 JavaThread "Reference Handler" daemon [_thread_blocked, id=6892, stack(0x00007f741b47a000,0x00007f741b57b000)]
  0x00007f744c13d800 JavaThread "Finalizer" daemon [_thread_blocked, id=6893, stack(0x00007f741b379000,0x00007f741b47a000)]
  0x00007f744c14c800 JavaThread "Signal Dispatcher" daemon [_thread_blocked, id=6894, stack(0x00007f741af92000,0x00007f741b093000)]
  0x00007f744c14e800 JavaThread "C2 CompilerThread0" daemon [_thread_blocked, id=6895, stack(0x00007f741ae91000,0x00007f741af92000)]
  0x00007f744c150800 JavaThread "C1 CompilerThread0" daemon [_thread_blocked, id=6896, stack(0x00007f741ad90000,0x00007f741ae91000)]
  0x00007f744c152800 JavaThread "Sweeper thread" daemon [_thread_blocked, id=6897, stack(0x00007f741ac8f000,0x00007f741ad90000)]
  0x00007f744c197000 JavaThread "JDWP Transport Listener: dt_socket" daemon [_thread_blocked, id=6898, stack(0x00007f741ab8e000,0x00007f741ac8f000)]
  0x00007f744c19b000 JavaThread "JDWP Event Helper Thread" daemon [_thread_blocked, id=6899, stack(0x00007f741aa8d000,0x00007f741ab8e000)]
  0x00007f73f8001800 JavaThread "JDWP Command Reader" daemon [_thread_in_native, id=6900, stack(0x00007f741a98c000,0x00007f741aa8d000)]
  0x00007f744c19c800 JavaThread "Service Thread" daemon [_thread_blocked, id=6901, stack(0x00007f741a88b000,0x00007f741a98c000)]
  0x00007f744c1a3000 JavaThread "Common-Cleaner" daemon [_thread_blocked, id=6903, stack(0x00007f741a688000,0x00007f741a789000)]
  0x00007f744c484800 JavaThread "RateLimitExecutorDelayThread" daemon [_thread_blocked, id=6905, stack(0x00007f741a556000,0x00007f741a657000)]

Other Threads:
=>0x00007f744c139000 VMThread "VM Thread" [stack: 0x00007f741b57d000,0x00007f741b67d000] [id=6891]
  0x00007f744c19f000 WatcherThread [stack: 0x00007f741a78b000,0x00007f741a88b000] [id=6902]
  0x00007f744c030800 GCTaskThread "GC Thread#0" [stack: 0x00007f7450047000,0x00007f7450147000] [id=6886]
  0x00007f740c001000 GCTaskThread "GC Thread#1" [stack: 0x00007f741a424000,0x00007f741a524000] [id=6906]
  0x00007f740c002800 GCTaskThread "GC Thread#2" [stack: 0x00007f741a322000,0x00007f741a422000] [id=6907]
  0x00007f740c008800 GCTaskThread "GC Thread#3" [stack: 0x00007f741a01c000,0x00007f741a11c000] [id=6910]
  0x00007f740c077000 GCTaskThread "GC Thread#4" [stack: 0x00007f7419f1a000,0x00007f741a01a000] [id=6911]
  0x00007f740c078800 GCTaskThread "GC Thread#5" [stack: 0x00007f7419e18000,0x00007f7419f18000] [id=6912]
  0x00007f744c062800 ConcurrentGCThread "G1 Main Marker" [stack: 0x00007f742af63000,0x00007f742b063000] [id=6887]
  0x00007f744c064800 ConcurrentGCThread "G1 Conc#0" [stack: 0x00007f742ae61000,0x00007f742af61000] [id=6888]
  0x00007f7424001000 ConcurrentGCThread "G1 Conc#1" [stack: 0x00007f741a220000,0x00007f741a320000] [id=6908]
  0x00007f7424002800 ConcurrentGCThread "G1 Conc#2" [stack: 0x00007f741a11e000,0x00007f741a21e000] [id=6909]
  0x00007f744c104800 ConcurrentGCThread "G1 Refine#0" [stack: 0x00007f7428052000,0x00007f7428152000] [id=6889]
  0x00007f744c106000 ConcurrentGCThread "G1 Young RemSet Sampling" [stack: 0x00007f741bf00000,0x00007f741c000000] [id=6890]

Threads with active compile tasks:

VM state:at safepoint (normal execution)

VM Mutex/Monitor currently owned by a thread:  ([mutex/lock_event])
[0x00007f744c0148f0] Threads_lock - owner thread: 0x00007f744c139000
[0x00007f744c0150d0] Heap_lock - owner thread: 0x00007f744c018000

Heap address: 0x0000000083a00000, size: 1990 MB, Compressed Oops mode: 32-bit
Narrow klass base: 0x0000000800000000, Narrow klass shift: 3
Compressed class space size: 1073741824 Address: 0x0000000840000000

Heap:
 garbage-first heap   total 538624K, used 142806K [0x0000000083a00000, 0x0000000100000000)
  region size 1024K, 9 young (9216K), 9 survivors (9216K)
 Metaspace       used 6972K, capacity 7447K, committed 7680K, reserved 1056768K
  class space    used 573K, capacity 645K, committed 768K, reserved 1048576K
Heap Regions: E=young(eden), S=young(survivor), O=old, HS=humongous(starts), HC=humongous(continues), CS=collection set, F=free, A=archive, TAMS=top-at-mark-start (previous, next)
|   0|0x0000000083a00000, 0x0000000083b00000, 0x0000000083b00000|100%| O|  |TAMS 0x0000000083b00000, 0x0000000083b00000| Untracked 
|   1|0x0000000083b00000, 0x0000000083c00000, 0x0000000083c00000|100%| O|  |TAMS 0x0000000083c00000, 0x0000000083c00000| Untracked 
|   2|0x0000000083c00000, 0x0000000083d00000, 0x0000000083d00000|100%|HS|  |TAMS 0x0000000083d00000, 0x0000000083d00000| Complete 
|   3|0x0000000083d00000, 0x0000000083e00000, 0x0000000083e00000|100%|HC|  |TAMS 0x0000000083e00000, 0x0000000083e00000| Complete 
|   4|0x0000000083e00000, 0x0000000083f00000, 0x0000000083f00000|100%|HC|  |TAMS 0x0000000083f00000, 0x0000000083f00000| Complete 
|   5|0x0000000083f00000, 0x0000000084000000, 0x0000000084000000|100%|HC|  |TAMS 0x0000000084000000, 0x0000000084000000| Complete 
|   6|0x0000000084000000, 0x0000000084100000, 0x0000000084100000|100%|HC|  |TAMS 0x0000000084100000, 0x0000000084100000| Complete 
|   7|0x0000000084100000, 0x0000000084200000, 0x0000000084200000|100%|HC|  |TAMS 0x0000000084200000, 0x0000000084200000| Complete 
|   8|0x0000000084200000, 0x0000000084300000, 0x0000000084300000|100%|HC|  |TAMS 0x0000000084300000, 0x0000000084300000| Complete 
|   9|0x0000000084300000, 0x0000000084400000, 0x0000000084400000|100%|HC|  |TAMS 0x0000000084400000, 0x0000000084400000| Complete 
|  10|0x0000000084400000, 0x0000000084500000, 0x0000000084500000|100%|HC|  |TAMS 0x0000000084500000, 0x0000000084500000| Complete 
|  11|0x0000000084500000, 0x0000000084600000, 0x0000000084600000|100%|HC|  |TAMS 0x0000000084600000, 0x0000000084600000| Complete 
|  12|0x0000000084600000, 0x0000000084700000, 0x0000000084700000|100%|HC|  |TAMS 0x0000000084700000, 0x0000000084700000| Complete 
|  13|0x0000000084700000, 0x0000000084800000, 0x0000000084800000|100%|HC|  |TAMS 0x0000000084800000, 0x0000000084800000| Complete 
|  14|0x0000000084800000, 0x0000000084900000, 0x0000000084900000|100%|HC|  |TAMS 0x0000000084900000, 0x0000000084900000| Complete 
|  15|0x0000000084900000, 0x0000000084a00000, 0x0000000084a00000|100%|HC|  |TAMS 0x0000000084a00000, 0x0000000084a00000| Complete 
|  16|0x0000000084a00000, 0x0000000084b00000, 0x0000000084b00000|100%|HC|  |TAMS 0x0000000084b00000, 0x0000000084b00000| Complete 
|  17|0x0000000084b00000, 0x0000000084c00000, 0x0000000084c00000|100%|HC|  |TAMS 0x0000000084c00000, 0x0000000084c00000| Complete 
|  18|0x0000000084c00000, 0x0000000084d00000, 0x0000000084d00000|100%|HC|  |TAMS 0x0000000084d00000, 0x0000000084d00000| Complete 
|  19|0x0000000084d00000, 0x0000000084e00000, 0x0000000084e00000|100%|HC|  |TAMS 0x0000000084e00000, 0x0000000084e00000| Complete 
|  20|0x0000000084e00000, 0x0000000084f00000, 0x0000000084f00000|100%|HC|  |TAMS 0x0000000084f00000, 0x0000000084f00000| Complete 
|  21|0x0000000084f00000, 0x0000000085000000, 0x0000000085000000|100%|HC|  |TAMS 0x0000000085000000, 0x0000000085000000| Complete 
|  22|0x0000000085000000, 0x0000000085100000, 0x0000000085100000|100%|HC|  |TAMS 0x0000000085100000, 0x0000000085100000| Complete 
|  23|0x0000000085100000, 0x0000000085200000, 0x0000000085200000|100%|HC|  |TAMS 0x0000000085200000, 0x0000000085200000| Complete 
|  24|0x0000000085200000, 0x0000000085300000, 0x0000000085300000|100%|HC|  |TAMS 0x0000000085300000, 0x0000000085300000| Complete 
|  25|0x0000000085300000, 0x0000000085400000, 0x0000000085400000|100%|HC|  |TAMS 0x0000000085400000, 0x0000000085400000| Complete 
|  26|0x0000000085400000, 0x0000000085500000, 0x0000000085500000|100%|HC|  |TAMS 0x0000000085500000, 0x0000000085500000| Complete 
|  27|0x0000000085500000, 0x0000000085600000, 0x0000000085600000|100%|HC|  |TAMS 0x0000000085600000, 0x0000000085600000| Complete 
|  28|0x0000000085600000, 0x0000000085700000, 0x0000000085700000|100%|HC|  |TAMS 0x0000000085700000, 0x0000000085700000| Complete 
|  29|0x0000000085700000, 0x0000000085800000, 0x0000000085800000|100%|HC|  |TAMS 0x0000000085800000, 0x0000000085800000| Complete 
|  30|0x0000000085800000, 0x0000000085900000, 0x0000000085900000|100%|HC|  |TAMS 0x0000000085900000, 0x0000000085900000| Complete 
|  31|0x0000000085900000, 0x0000000085a00000, 0x0000000085a00000|100%|HC|  |TAMS 0x0000000085a00000, 0x0000000085a00000| Complete 
|  32|0x0000000085a00000, 0x0000000085b00000, 0x0000000085b00000|100%|HC|  |TAMS 0x0000000085b00000, 0x0000000085b00000| Complete 
|  33|0x0000000085b00000, 0x0000000085c00000, 0x0000000085c00000|100%|HC|  |TAMS 0x0000000085c00000, 0x0000000085c00000| Complete 
|  34|0x0000000085c00000, 0x0000000085d00000, 0x0000000085d00000|100%|HC|  |TAMS 0x0000000085d00000, 0x0000000085d00000| Complete 
|  35|0x0000000085d00000, 0x0000000085e00000, 0x0000000085e00000|100%|HC|  |TAMS 0x0000000085e00000, 0x0000000085e00000| Complete 
|  36|0x0000000085e00000, 0x0000000085f00000, 0x0000000085f00000|100%|HC|  |TAMS 0x0000000085f00000, 0x0000000085f00000| Complete 
|  37|0x0000000085f00000, 0x0000000086000000, 0x0000000086000000|100%|HC|  |TAMS 0x0000000086000000, 0x0000000086000000| Complete 
|  38|0x0000000086000000, 0x0000000086100000, 0x0000000086100000|100%|HC|  |TAMS 0x0000000086100000, 0x0000000086100000| Complete 
|  39|0x0000000086100000, 0x0000000086200000, 0x0000000086200000|100%|HC|  |TAMS 0x0000000086200000, 0x0000000086200000| Complete 
|  40|0x0000000086200000, 0x0000000086300000, 0x0000000086300000|100%|HC|  |TAMS 0x0000000086300000, 0x0000000086300000| Complete 
|  41|0x0000000086300000, 0x0000000086400000, 0x0000000086400000|100%|HC|  |TAMS 0x0000000086400000, 0x0000000086400000| Complete 
|  42|0x0000000086400000, 0x0000000086500000, 0x0000000086500000|100%|HC|  |TAMS 0x0000000086500000, 0x0000000086500000| Complete 
|  43|0x0000000086500000, 0x0000000086600000, 0x0000000086600000|100%|HC|  |TAMS 0x0000000086600000, 0x0000000086600000| Complete 
|  44|0x0000000086600000, 0x0000000086700000, 0x0000000086700000|100%|HC|  |TAMS 0x0000000086700000, 0x0000000086700000| Complete 
|  45|0x0000000086700000, 0x0000000086800000, 0x0000000086800000|100%|HC|  |TAMS 0x0000000086800000, 0x0000000086800000| Complete 
|  46|0x0000000086800000, 0x0000000086900000, 0x0000000086900000|100%|HC|  |TAMS 0x0000000086900000, 0x0000000086900000| Complete 
|  47|0x0000000086900000, 0x0000000086a00000, 0x0000000086a00000|100%|HC|  |TAMS 0x0000000086a00000, 0x0000000086a00000| Complete 
|  48|0x0000000086a00000, 0x0000000086b00000, 0x0000000086b00000|100%|HC|  |TAMS 0x0000000086b00000, 0x0000000086b00000| Complete 
|  49|0x0000000086b00000, 0x0000000086c00000, 0x0000000086c00000|100%|HC|  |TAMS 0x0000000086c00000, 0x0000000086c00000| Complete 
|  50|0x0000000086c00000, 0x0000000086d00000, 0x0000000086d00000|100%|HC|  |TAMS 0x0000000086d00000, 0x0000000086d00000| Complete 
|  51|0x0000000086d00000, 0x0000000086e00000, 0x0000000086e00000|100%|HC|  |TAMS 0x0000000086e00000, 0x0000000086e00000| Complete 
|  52|0x0000000086e00000, 0x0000000086f00000, 0x0000000086f00000|100%|HC|  |TAMS 0x0000000086f00000, 0x0000000086f00000| Complete 
|  53|0x0000000086f00000, 0x0000000087000000, 0x0000000087000000|100%|HC|  |TAMS 0x0000000087000000, 0x0000000087000000| Complete 
|  54|0x0000000087000000, 0x0000000087100000, 0x0000000087100000|100%|HC|  |TAMS 0x0000000087100000, 0x0000000087100000| Complete 
|  55|0x0000000087100000, 0x0000000087200000, 0x0000000087200000|100%|HC|  |TAMS 0x0000000087200000, 0x0000000087200000| Complete 
|  56|0x0000000087200000, 0x0000000087300000, 0x0000000087300000|100%|HC|  |TAMS 0x0000000087300000, 0x0000000087300000| Complete 
|  57|0x0000000087300000, 0x0000000087400000, 0x0000000087400000|100%|HC|  |TAMS 0x0000000087400000, 0x0000000087400000| Complete 
|  58|0x0000000087400000, 0x0000000087500000, 0x0000000087500000|100%|HC|  |TAMS 0x0000000087500000, 0x0000000087500000| Complete 
|  59|0x0000000087500000, 0x0000000087600000, 0x0000000087600000|100%|HC|  |TAMS 0x0000000087600000, 0x0000000087600000| Complete 
|  60|0x0000000087600000, 0x0000000087700000, 0x0000000087700000|100%|HS|  |TAMS 0x0000000087700000, 0x0000000087700000| Complete 
|  61|0x0000000087700000, 0x0000000087800000, 0x0000000087800000|100%|HC|  |TAMS 0x0000000087800000, 0x0000000087800000| Complete 
|  62|0x0000000087800000, 0x0000000087900000, 0x0000000087900000|100%|HC|  |TAMS 0x0000000087900000, 0x0000000087900000| Complete 
|  63|0x0000000087900000, 0x0000000087a00000, 0x0000000087a00000|100%|HC|  |TAMS 0x0000000087a00000, 0x0000000087a00000| Complete 
|  64|0x0000000087a00000, 0x0000000087b00000, 0x0000000087b00000|100%|HC|  |TAMS 0x0000000087b00000, 0x0000000087b00000| Complete 
|  65|0x0000000087b00000, 0x0000000087c00000, 0x0000000087c00000|100%|HC|  |TAMS 0x0000000087c00000, 0x0000000087c00000| Complete 
|  66|0x0000000087c00000, 0x0000000087d00000, 0x0000000087d00000|100%|HC|  |TAMS 0x0000000087d00000, 0x0000000087d00000| Complete 
|  67|0x0000000087d00000, 0x0000000087e00000, 0x0000000087e00000|100%|HC|  |TAMS 0x0000000087e00000, 0x0000000087e00000| Complete 
|  68|0x0000000087e00000, 0x0000000087f00000, 0x0000000087f00000|100%|HC|  |TAMS 0x0000000087f00000, 0x0000000087f00000| Complete 
|  69|0x0000000087f00000, 0x0000000088000000, 0x0000000088000000|100%|HC|  |TAMS 0x0000000088000000, 0x0000000088000000| Complete 
|  70|0x0000000088000000, 0x0000000088100000, 0x0000000088100000|100%|HC|  |TAMS 0x0000000088100000, 0x0000000088100000| Complete 
|  71|0x0000000088100000, 0x0000000088200000, 0x0000000088200000|100%|HC|  |TAMS 0x0000000088200000, 0x0000000088200000| Complete 
|  72|0x0000000088200000, 0x0000000088300000, 0x0000000088300000|100%|HC|  |TAMS 0x0000000088300000, 0x0000000088300000| Complete 
|  73|0x0000000088300000, 0x0000000088400000, 0x0000000088400000|100%|HC|  |TAMS 0x0000000088400000, 0x0000000088400000| Complete 
|  74|0x0000000088400000, 0x0000000088500000, 0x0000000088500000|100%|HC|  |TAMS 0x0000000088500000, 0x0000000088500000| Complete 
|  75|0x0000000088500000, 0x0000000088600000, 0x0000000088600000|100%|HC|  |TAMS 0x0000000088600000, 0x0000000088600000| Complete 
|  76|0x0000000088600000, 0x0000000088700000, 0x0000000088700000|100%|HC|  |TAMS 0x0000000088700000, 0x0000000088700000| Complete 
|  77|0x0000000088700000, 0x0000000088800000, 0x0000000088800000|100%|HC|  |TAMS 0x0000000088800000, 0x0000000088800000| Complete 
|  78|0x0000000088800000, 0x0000000088900000, 0x0000000088900000|100%|HC|  |TAMS 0x0000000088900000, 0x0000000088900000| Complete 
|  79|0x0000000088900000, 0x0000000088a00000, 0x0000000088a00000|100%|HC|  |TAMS 0x0000000088a00000, 0x0000000088a00000| Complete 
|  80|0x0000000088a00000, 0x0000000088b00000, 0x0000000088b00000|100%|HC|  |TAMS 0x0000000088b00000, 0x0000000088b00000| Complete 
|  81|0x0000000088b00000, 0x0000000088c00000, 0x0000000088c00000|100%|HC|  |TAMS 0x0000000088c00000, 0x0000000088c00000| Complete 
|  82|0x0000000088c00000, 0x0000000088d00000, 0x0000000088d00000|100%|HC|  |TAMS 0x0000000088d00000, 0x0000000088d00000| Complete 
|  83|0x0000000088d00000, 0x0000000088e00000, 0x0000000088e00000|100%|HC|  |TAMS 0x0000000088e00000, 0x0000000088e00000| Complete 
|  84|0x0000000088e00000, 0x0000000088f00000, 0x0000000088f00000|100%|HC|  |TAMS 0x0000000088f00000, 0x0000000088f00000| Complete 
|  85|0x0000000088f00000, 0x0000000089000000, 0x0000000089000000|100%|HC|  |TAMS 0x0000000089000000, 0x0000000089000000| Complete 
|  86|0x0000000089000000, 0x0000000089100000, 0x0000000089100000|100%|HC|  |TAMS 0x0000000089100000, 0x0000000089100000| Complete 
|  87|0x0000000089100000, 0x0000000089200000, 0x0000000089200000|100%|HC|  |TAMS 0x0000000089200000, 0x0000000089200000| Complete 
|  88|0x0000000089200000, 0x0000000089300000, 0x0000000089300000|100%|HC|  |TAMS 0x0000000089300000, 0x0000000089300000| Complete 
|  89|0x0000000089300000, 0x0000000089400000, 0x0000000089400000|100%|HC|  |TAMS 0x0000000089400000, 0x0000000089400000| Complete 
|  90|0x0000000089400000, 0x0000000089500000, 0x0000000089500000|100%|HC|  |TAMS 0x0000000089500000, 0x0000000089500000| Complete 
|  91|0x0000000089500000, 0x0000000089600000, 0x0000000089600000|100%|HC|  |TAMS 0x0000000089600000, 0x0000000089600000| Complete 
|  92|0x0000000089600000, 0x0000000089700000, 0x0000000089700000|100%|HC|  |TAMS 0x0000000089700000, 0x0000000089700000| Complete 
|  93|0x0000000089700000, 0x0000000089800000, 0x0000000089800000|100%|HC|  |TAMS 0x0000000089800000, 0x0000000089800000| Complete 
|  94|0x0000000089800000, 0x0000000089900000, 0x0000000089900000|100%|HC|  |TAMS 0x0000000089900000, 0x0000000089900000| Complete 
|  95|0x0000000089900000, 0x0000000089a00000, 0x0000000089a00000|100%|HC|  |TAMS 0x0000000089a00000, 0x0000000089a00000| Complete 
|  96|0x0000000089a00000, 0x0000000089b00000, 0x0000000089b00000|100%|HC|  |TAMS 0x0000000089b00000, 0x0000000089b00000| Complete 
|  97|0x0000000089b00000, 0x0000000089c00000, 0x0000000089c00000|100%|HC|  |TAMS 0x0000000089c00000, 0x0000000089c00000| Complete 
|  98|0x0000000089c00000, 0x0000000089d00000, 0x0000000089d00000|100%|HC|  |TAMS 0x0000000089d00000, 0x0000000089d00000| Complete 
|  99|0x0000000089d00000, 0x0000000089e00000, 0x0000000089e00000|100%|HC|  |TAMS 0x0000000089e00000, 0x0000000089e00000| Complete 
| 100|0x0000000089e00000, 0x0000000089f00000, 0x0000000089f00000|100%|HC|  |TAMS 0x0000000089f00000, 0x0000000089f00000| Complete 
| 101|0x0000000089f00000, 0x000000008a000000, 0x000000008a000000|100%|HC|  |TAMS 0x000000008a000000, 0x000000008a000000| Complete 
| 102|0x000000008a000000, 0x000000008a100000, 0x000000008a100000|100%|HC|  |TAMS 0x000000008a100000, 0x000000008a100000| Complete 
| 103|0x000000008a100000, 0x000000008a200000, 0x000000008a200000|100%|HC|  |TAMS 0x000000008a200000, 0x000000008a200000| Complete 
| 104|0x000000008a200000, 0x000000008a300000, 0x000000008a300000|100%|HC|  |TAMS 0x000000008a300000, 0x000000008a300000| Complete 
| 105|0x000000008a300000, 0x000000008a400000, 0x000000008a400000|100%|HC|  |TAMS 0x000000008a400000, 0x000000008a400000| Complete 
| 106|0x000000008a400000, 0x000000008a500000, 0x000000008a500000|100%|HC|  |TAMS 0x000000008a500000, 0x000000008a500000| Complete 
| 107|0x000000008a500000, 0x000000008a600000, 0x000000008a600000|100%|HC|  |TAMS 0x000000008a600000, 0x000000008a600000| Complete 
| 108|0x000000008a600000, 0x000000008a700000, 0x000000008a700000|100%|HC|  |TAMS 0x000000008a700000, 0x000000008a700000| Complete 
| 109|0x000000008a700000, 0x000000008a800000, 0x000000008a800000|100%|HC|  |TAMS 0x000000008a800000, 0x000000008a800000| Complete 
| 110|0x000000008a800000, 0x000000008a900000, 0x000000008a900000|100%|HC|  |TAMS 0x000000008a900000, 0x000000008a900000| Complete 
| 111|0x000000008a900000, 0x000000008aa00000, 0x000000008aa00000|100%|HC|  |TAMS 0x000000008aa00000, 0x000000008aa00000| Complete 
| 112|0x000000008aa00000, 0x000000008ab00000, 0x000000008ab00000|100%|HC|  |TAMS 0x000000008ab00000, 0x000000008ab00000| Complete 
| 113|0x000000008ab00000, 0x000000008ac00000, 0x000000008ac00000|100%|HC|  |TAMS 0x000000008ac00000, 0x000000008ac00000| Complete 
| 114|0x000000008ac00000, 0x000000008ad00000, 0x000000008ad00000|100%|HC|  |TAMS 0x000000008ad00000, 0x000000008ad00000| Complete 
| 115|0x000000008ad00000, 0x000000008ae00000, 0x000000008ae00000|100%|HC|  |TAMS 0x000000008ae00000, 0x000000008ae00000| Complete 
| 116|0x000000008ae00000, 0x000000008af00000, 0x000000008af00000|100%|HC|  |TAMS 0x000000008af00000, 0x000000008af00000| Complete 
| 117|0x000000008af00000, 0x000000008b000000, 0x000000008b000000|100%|HC|  |TAMS 0x000000008b000000, 0x000000008b000000| Complete 
| 118|0x000000008b000000, 0x000000008b100000, 0x000000008b100000|100%| O|  |TAMS 0x000000008b100000, 0x000000008b100000| Untracked 
| 119|0x000000008b100000, 0x000000008b200000, 0x000000008b200000|100%| O|  |TAMS 0x000000008b200000, 0x000000008b200000| Untracked 
| 120|0x000000008b200000, 0x000000008b300000, 0x000000008b300000|100%| O|  |TAMS 0x000000008b300000, 0x000000008b300000| Untracked 
| 121|0x000000008b300000, 0x000000008b400000, 0x000000008b400000|100%| O|  |TAMS 0x000000008b3f2200, 0x000000008b400000| Untracked 
| 122|0x000000008b400000, 0x000000008b500000, 0x000000008b500000|100%| O|  |TAMS 0x000000008b400000, 0x000000008b500000| Untracked 
| 123|0x000000008b500000, 0x000000008b600000, 0x000000008b600000|100%| O|  |TAMS 0x000000008b500000, 0x000000008b600000| Untracked 
| 124|0x000000008b600000, 0x000000008b700000, 0x000000008b700000|100%| O|  |TAMS 0x000000008b600000, 0x000000008b700000| Untracked 
| 125|0x000000008b700000, 0x000000008b800000, 0x000000008b800000|100%| O|  |TAMS 0x000000008b700000, 0x000000008b800000| Untracked 
| 126|0x000000008b800000, 0x000000008b900000, 0x000000008b900000|100%| O|  |TAMS 0x000000008b800000, 0x000000008b900000| Untracked 
| 127|0x000000008b900000, 0x000000008ba00000, 0x000000008ba00000|100%| O|  |TAMS 0x000000008ba00000, 0x000000008ba00000| Untracked 
| 128|0x000000008ba00000, 0x000000008bb00000, 0x000000008bb00000|100%| O|  |TAMS 0x000000008ba00000, 0x000000008bb00000| Untracked 
| 129|0x000000008bb00000, 0x000000008bc00000, 0x000000008bc00000|100%| O|  |TAMS 0x000000008bb00000, 0x000000008bc00000| Untracked 
| 130|0x000000008bc00000, 0x000000008bc4da00, 0x000000008bd00000| 30%| O|  |TAMS 0x000000008bc00000, 0x000000008bc4da00| Untracked 
| 131|0x000000008bd00000, 0x000000008bd00000, 0x000000008be00000|  0%| F|  |TAMS 0x000000008bd00000, 0x000000008bd00000| Untracked 
| 132|0x000000008be00000, 0x000000008be00000, 0x000000008bf00000|  0%| F|  |TAMS 0x000000008be00000, 0x000000008be00000| Untracked 
| 133|0x000000008bf00000, 0x000000008bf00000, 0x000000008c000000|  0%| F|  |TAMS 0x000000008bf00000, 0x000000008bf00000| Untracked 
| 134|0x000000008c000000, 0x000000008c000000, 0x000000008c100000|  0%| F|  |TAMS 0x000000008c000000, 0x000000008c000000| Untracked 
| 135|0x000000008c100000, 0x000000008c100000, 0x000000008c200000|  0%| F|  |TAMS 0x000000008c100000, 0x000000008c100000| Untracked 
| 136|0x000000008c200000, 0x000000008c200000, 0x000000008c300000|  0%| F|  |TAMS 0x000000008c200000, 0x000000008c200000| Untracked 
| 137|0x000000008c300000, 0x000000008c300000, 0x000000008c400000|  0%| F|  |TAMS 0x000000008c300000, 0x000000008c300000| Untracked 
| 138|0x000000008c400000, 0x000000008c400000, 0x000000008c500000|  0%| F|  |TAMS 0x000000008c400000, 0x000000008c400000| Untracked 
| 139|0x000000008c500000, 0x000000008c500000, 0x000000008c600000|  0%| F|  |TAMS 0x000000008c500000, 0x000000008c500000| Untracked 
| 140|0x000000008c600000, 0x000000008c600000, 0x000000008c700000|  0%| F|  |TAMS 0x000000008c600000, 0x000000008c600000| Untracked 
| 141|0x000000008c700000, 0x000000008c700000, 0x000000008c800000|  0%| F|  |TAMS 0x000000008c700000, 0x000000008c700000| Untracked 
| 142|0x000000008c800000, 0x000000008c800000, 0x000000008c900000|  0%| F|  |TAMS 0x000000008c800000, 0x000000008c800000| Untracked 
| 143|0x000000008c900000, 0x000000008c900000, 0x000000008ca00000|  0%| F|  |TAMS 0x000000008c900000, 0x000000008c900000| Untracked 
| 144|0x000000008ca00000, 0x000000008ca00000, 0x000000008cb00000|  0%| F|  |TAMS 0x000000008ca00000, 0x000000008ca00000| Untracked 
| 145|0x000000008cb00000, 0x000000008cb00000, 0x000000008cc00000|  0%| F|  |TAMS 0x000000008cb00000, 0x000000008cb00000| Untracked 
| 146|0x000000008cc00000, 0x000000008cc00000, 0x000000008cd00000|  0%| F|  |TAMS 0x000000008cc00000, 0x000000008cc00000| Untracked 
| 147|0x000000008cd00000, 0x000000008cd00000, 0x000000008ce00000|  0%| F|  |TAMS 0x000000008cd00000, 0x000000008cd00000| Untracked 
| 148|0x000000008ce00000, 0x000000008ce00000, 0x000000008cf00000|  0%| F|  |TAMS 0x000000008ce00000, 0x000000008ce00000| Untracked 
| 149|0x000000008cf00000, 0x000000008cf00000, 0x000000008d000000|  0%| F|  |TAMS 0x000000008cf00000, 0x000000008cf00000| Untracked 
| 150|0x000000008d000000, 0x000000008d000000, 0x000000008d100000|  0%| F|  |TAMS 0x000000008d000000, 0x000000008d000000| Untracked 
| 151|0x000000008d100000, 0x000000008d100000, 0x000000008d200000|  0%| F|  |TAMS 0x000000008d100000, 0x000000008d100000| Untracked 
| 152|0x000000008d200000, 0x000000008d200000, 0x000000008d300000|  0%| F|  |TAMS 0x000000008d200000, 0x000000008d200000| Untracked 
| 153|0x000000008d300000, 0x000000008d300000, 0x000000008d400000|  0%| F|  |TAMS 0x000000008d300000, 0x000000008d300000| Untracked 
| 154|0x000000008d400000, 0x000000008d400000, 0x000000008d500000|  0%| F|  |TAMS 0x000000008d400000, 0x000000008d400000| Untracked 
| 155|0x000000008d500000, 0x000000008d500000, 0x000000008d600000|  0%| F|  |TAMS 0x000000008d500000, 0x000000008d500000| Untracked 
| 156|0x000000008d600000, 0x000000008d600000, 0x000000008d700000|  0%| F|  |TAMS 0x000000008d600000, 0x000000008d600000| Untracked 
| 157|0x000000008d700000, 0x000000008d700000, 0x000000008d800000|  0%| F|  |TAMS 0x000000008d700000, 0x000000008d700000| Untracked 
| 158|0x000000008d800000, 0x000000008d800000, 0x000000008d900000|  0%| F|  |TAMS 0x000000008d800000, 0x000000008d800000| Untracked 
| 159|0x000000008d900000, 0x000000008d900000, 0x000000008da00000|  0%| F|  |TAMS 0x000000008d900000, 0x000000008d900000| Untracked 
| 160|0x000000008da00000, 0x000000008da00000, 0x000000008db00000|  0%| F|  |TAMS 0x000000008da00000, 0x000000008da00000| Untracked 
| 161|0x000000008db00000, 0x000000008db00000, 0x000000008dc00000|  0%| F|  |TAMS 0x000000008db00000, 0x000000008db00000| Untracked 
| 162|0x000000008dc00000, 0x000000008dc00000, 0x000000008dd00000|  0%| F|  |TAMS 0x000000008dc00000, 0x000000008dc00000| Untracked 
| 163|0x000000008dd00000, 0x000000008dd00000, 0x000000008de00000|  0%| F|  |TAMS 0x000000008dd00000, 0x000000008dd00000| Untracked 
| 164|0x000000008de00000, 0x000000008de00000, 0x000000008df00000|  0%| F|  |TAMS 0x000000008de00000, 0x000000008de00000| Untracked 
| 165|0x000000008df00000, 0x000000008df00000, 0x000000008e000000|  0%| F|  |TAMS 0x000000008df00000, 0x000000008df00000| Untracked 
| 166|0x000000008e000000, 0x000000008e000000, 0x000000008e100000|  0%| F|  |TAMS 0x000000008e000000, 0x000000008e000000| Untracked 
| 167|0x000000008e100000, 0x000000008e100000, 0x000000008e200000|  0%| F|  |TAMS 0x000000008e100000, 0x000000008e100000| Untracked 
| 168|0x000000008e200000, 0x000000008e200000, 0x000000008e300000|  0%| F|  |TAMS 0x000000008e200000, 0x000000008e200000| Untracked 
| 169|0x000000008e300000, 0x000000008e300000, 0x000000008e400000|  0%| F|  |TAMS 0x000000008e300000, 0x000000008e300000| Untracked 
| 170|0x000000008e400000, 0x000000008e400000, 0x000000008e500000|  0%| F|  |TAMS 0x000000008e400000, 0x000000008e400000| Untracked 
| 171|0x000000008e500000, 0x000000008e575ec0, 0x000000008e600000| 46%| S|CS|TAMS 0x000000008e500000, 0x000000008e500000| Complete 
| 172|0x000000008e600000, 0x000000008e700000, 0x000000008e700000|100%| S|CS|TAMS 0x000000008e600000, 0x000000008e600000| Complete 
| 173|0x000000008e700000, 0x000000008e800000, 0x000000008e800000|100%| S|CS|TAMS 0x000000008e700000, 0x000000008e700000| Complete 
| 174|0x000000008e800000, 0x000000008e900000, 0x000000008e900000|100%| S|CS|TAMS 0x000000008e800000, 0x000000008e800000| Complete 
| 175|0x000000008e900000, 0x000000008ea00000, 0x000000008ea00000|100%| S|CS|TAMS 0x000000008e900000, 0x000000008e900000| Complete 
| 176|0x000000008ea00000, 0x000000008eb00000, 0x000000008eb00000|100%| S|CS|TAMS 0x000000008ea00000, 0x000000008ea00000| Complete 
| 177|0x000000008eb00000, 0x000000008ec00000, 0x000000008ec00000|100%| S|CS|TAMS 0x000000008eb00000, 0x000000008eb00000| Complete 
| 178|0x000000008ec00000, 0x000000008ed00000, 0x000000008ed00000|100%| S|CS|TAMS 0x000000008ec00000, 0x000000008ec00000| Complete 
| 179|0x000000008ed00000, 0x000000008ee00000, 0x000000008ee00000|100%| S|CS|TAMS 0x000000008ed00000, 0x000000008ed00000| Complete 
| 180|0x000000008ee00000, 0x000000008ee00000, 0x000000008ef00000|  0%| F|  |TAMS 0x000000008ee00000, 0x000000008ee00000| Untracked 
| 181|0x000000008ef00000, 0x000000008ef00000, 0x000000008f000000|  0%| F|  |TAMS 0x000000008ef00000, 0x000000008ef00000| Untracked 
| 182|0x000000008f000000, 0x000000008f000000, 0x000000008f100000|  0%| F|  |TAMS 0x000000008f000000, 0x000000008f000000| Untracked 
| 183|0x000000008f100000, 0x000000008f100000, 0x000000008f200000|  0%| F|  |TAMS 0x000000008f100000, 0x000000008f100000| Untracked 
| 184|0x000000008f200000, 0x000000008f200000, 0x000000008f300000|  0%| F|  |TAMS 0x000000008f200000, 0x000000008f200000| Untracked 
| 185|0x000000008f300000, 0x000000008f300000, 0x000000008f400000|  0%| F|  |TAMS 0x000000008f300000, 0x000000008f300000| Untracked 
| 186|0x000000008f400000, 0x000000008f400000, 0x000000008f500000|  0%| F|  |TAMS 0x000000008f400000, 0x000000008f400000| Untracked 
| 187|0x000000008f500000, 0x000000008f500000, 0x000000008f600000|  0%| F|  |TAMS 0x000000008f500000, 0x000000008f500000| Untracked 
| 188|0x000000008f600000, 0x000000008f600000, 0x000000008f700000|  0%| F|  |TAMS 0x000000008f600000, 0x000000008f600000| Untracked 
| 189|0x000000008f700000, 0x000000008f700000, 0x000000008f800000|  0%| F|  |TAMS 0x000000008f700000, 0x000000008f700000| Untracked 
| 190|0x000000008f800000, 0x000000008f800000, 0x000000008f900000|  0%| F|  |TAMS 0x000000008f800000, 0x000000008f800000| Untracked 
| 191|0x000000008f900000, 0x000000008f900000, 0x000000008fa00000|  0%| F|  |TAMS 0x000000008f900000, 0x000000008f900000| Untracked 
| 192|0x000000008fa00000, 0x000000008fa00000, 0x000000008fb00000|  0%| F|  |TAMS 0x000000008fa00000, 0x000000008fa00000| Untracked 
| 193|0x000000008fb00000, 0x000000008fb00000, 0x000000008fc00000|  0%| F|  |TAMS 0x000000008fb00000, 0x000000008fb00000| Untracked 
| 194|0x000000008fc00000, 0x000000008fc00000, 0x000000008fd00000|  0%| F|  |TAMS 0x000000008fc00000, 0x000000008fc00000| Untracked 
| 195|0x000000008fd00000, 0x000000008fd00000, 0x000000008fe00000|  0%| F|  |TAMS 0x000000008fd00000, 0x000000008fd00000| Untracked 
| 196|0x000000008fe00000, 0x000000008fe00000, 0x000000008ff00000|  0%| F|  |TAMS 0x000000008fe00000, 0x000000008fe00000| Untracked 
| 197|0x000000008ff00000, 0x000000008ff00000, 0x0000000090000000|  0%| F|  |TAMS 0x000000008ff00000, 0x000000008ff00000| Untracked 
| 198|0x0000000090000000, 0x0000000090000000, 0x0000000090100000|  0%| F|  |TAMS 0x0000000090000000, 0x0000000090000000| Untracked 
| 199|0x0000000090100000, 0x0000000090100000, 0x0000000090200000|  0%| F|  |TAMS 0x0000000090100000, 0x0000000090100000| Untracked 
| 200|0x0000000090200000, 0x0000000090200000, 0x0000000090300000|  0%| F|  |TAMS 0x0000000090200000, 0x0000000090200000| Untracked 
| 201|0x0000000090300000, 0x0000000090300000, 0x0000000090400000|  0%| F|  |TAMS 0x0000000090300000, 0x0000000090300000| Untracked 
| 202|0x0000000090400000, 0x0000000090400000, 0x0000000090500000|  0%| F|  |TAMS 0x0000000090400000, 0x0000000090400000| Untracked 
| 203|0x0000000090500000, 0x0000000090500000, 0x0000000090600000|  0%| F|  |TAMS 0x0000000090500000, 0x0000000090500000| Untracked 
| 204|0x0000000090600000, 0x0000000090600000, 0x0000000090700000|  0%| F|  |TAMS 0x0000000090600000, 0x0000000090600000| Untracked 
| 205|0x0000000090700000, 0x0000000090700000, 0x0000000090800000|  0%| F|  |TAMS 0x0000000090700000, 0x0000000090700000| Untracked 
| 206|0x0000000090800000, 0x0000000090800000, 0x0000000090900000|  0%| F|  |TAMS 0x0000000090800000, 0x0000000090800000| Untracked 
| 207|0x0000000090900000, 0x0000000090900000, 0x0000000090a00000|  0%| F|  |TAMS 0x0000000090900000, 0x0000000090900000| Untracked 
| 208|0x0000000090a00000, 0x0000000090a00000, 0x0000000090b00000|  0%| F|  |TAMS 0x0000000090a00000, 0x0000000090a00000| Untracked 
| 209|0x0000000090b00000, 0x0000000090b00000, 0x0000000090c00000|  0%| F|  |TAMS 0x0000000090b00000, 0x0000000090b00000| Untracked 
| 210|0x0000000090c00000, 0x0000000090c00000, 0x0000000090d00000|  0%| F|  |TAMS 0x0000000090c00000, 0x0000000090c00000| Untracked 
| 211|0x0000000090d00000, 0x0000000090d00000, 0x0000000090e00000|  0%| F|  |TAMS 0x0000000090d00000, 0x0000000090d00000| Untracked 
| 212|0x0000000090e00000, 0x0000000090e00000, 0x0000000090f00000|  0%| F|  |TAMS 0x0000000090e00000, 0x0000000090e00000| Untracked 
| 213|0x0000000090f00000, 0x0000000090f00000, 0x0000000091000000|  0%| F|  |TAMS 0x0000000090f00000, 0x0000000090f00000| Untracked 
| 214|0x0000000091000000, 0x0000000091000000, 0x0000000091100000|  0%| F|  |TAMS 0x0000000091000000, 0x0000000091000000| Untracked 
| 215|0x0000000091100000, 0x0000000091100000, 0x0000000091200000|  0%| F|  |TAMS 0x0000000091100000, 0x0000000091100000| Untracked 
| 216|0x0000000091200000, 0x0000000091200000, 0x0000000091300000|  0%| F|  |TAMS 0x0000000091200000, 0x0000000091200000| Untracked 
| 217|0x0000000091300000, 0x0000000091300000, 0x0000000091400000|  0%| F|  |TAMS 0x0000000091300000, 0x0000000091300000| Untracked 
| 218|0x0000000091400000, 0x0000000091400000, 0x0000000091500000|  0%| F|  |TAMS 0x0000000091400000, 0x0000000091400000| Untracked 
| 219|0x0000000091500000, 0x0000000091500000, 0x0000000091600000|  0%| F|  |TAMS 0x0000000091500000, 0x0000000091500000| Untracked 
| 220|0x0000000091600000, 0x0000000091600000, 0x0000000091700000|  0%| F|  |TAMS 0x0000000091600000, 0x0000000091600000| Untracked 
| 221|0x0000000091700000, 0x0000000091700000, 0x0000000091800000|  0%| F|  |TAMS 0x0000000091700000, 0x0000000091700000| Untracked 
| 222|0x0000000091800000, 0x0000000091800000, 0x0000000091900000|  0%| F|  |TAMS 0x0000000091800000, 0x0000000091800000| Untracked 
| 223|0x0000000091900000, 0x0000000091900000, 0x0000000091a00000|  0%| F|  |TAMS 0x0000000091900000, 0x0000000091900000| Untracked 
| 224|0x0000000091a00000, 0x0000000091a00000, 0x0000000091b00000|  0%| F|  |TAMS 0x0000000091a00000, 0x0000000091a00000| Untracked 
| 225|0x0000000091b00000, 0x0000000091b00000, 0x0000000091c00000|  0%| F|  |TAMS 0x0000000091b00000, 0x0000000091b00000| Untracked 
| 226|0x0000000091c00000, 0x0000000091c00000, 0x0000000091d00000|  0%| F|  |TAMS 0x0000000091c00000, 0x0000000091c00000| Untracked 
| 227|0x0000000091d00000, 0x0000000091d00000, 0x0000000091e00000|  0%| F|  |TAMS 0x0000000091d00000, 0x0000000091d00000| Untracked 
| 228|0x0000000091e00000, 0x0000000091e00000, 0x0000000091f00000|  0%| F|  |TAMS 0x0000000091e00000, 0x0000000091e00000| Untracked 
| 229|0x0000000091f00000, 0x0000000091f00000, 0x0000000092000000|  0%| F|  |TAMS 0x0000000091f00000, 0x0000000091f00000| Untracked 
| 230|0x0000000092000000, 0x0000000092000000, 0x0000000092100000|  0%| F|  |TAMS 0x0000000092000000, 0x0000000092000000| Untracked 
| 231|0x0000000092100000, 0x0000000092100000, 0x0000000092200000|  0%| F|  |TAMS 0x0000000092100000, 0x0000000092100000| Untracked 
| 232|0x0000000092200000, 0x0000000092200000, 0x0000000092300000|  0%| F|  |TAMS 0x0000000092200000, 0x0000000092200000| Untracked 
| 233|0x0000000092300000, 0x0000000092300000, 0x0000000092400000|  0%| F|  |TAMS 0x0000000092300000, 0x0000000092300000| Untracked 
| 234|0x0000000092400000, 0x0000000092400000, 0x0000000092500000|  0%| F|  |TAMS 0x0000000092400000, 0x0000000092400000| Untracked 
| 235|0x0000000092500000, 0x0000000092500000, 0x0000000092600000|  0%| F|  |TAMS 0x0000000092500000, 0x0000000092500000| Untracked 
| 236|0x0000000092600000, 0x0000000092600000, 0x0000000092700000|  0%| F|  |TAMS 0x0000000092600000, 0x0000000092600000| Untracked 
| 237|0x0000000092700000, 0x0000000092700000, 0x0000000092800000|  0%| F|  |TAMS 0x0000000092700000, 0x0000000092700000| Untracked 
| 238|0x0000000092800000, 0x0000000092800000, 0x0000000092900000|  0%| F|  |TAMS 0x0000000092800000, 0x0000000092800000| Untracked 
| 239|0x0000000092900000, 0x0000000092900000, 0x0000000092a00000|  0%| F|  |TAMS 0x0000000092900000, 0x0000000092900000| Untracked 
| 240|0x0000000092a00000, 0x0000000092a00000, 0x0000000092b00000|  0%| F|  |TAMS 0x0000000092a00000, 0x0000000092a00000| Untracked 
| 241|0x0000000092b00000, 0x0000000092b00000, 0x0000000092c00000|  0%| F|  |TAMS 0x0000000092b00000, 0x0000000092b00000| Untracked 
| 242|0x0000000092c00000, 0x0000000092c00000, 0x0000000092d00000|  0%| F|  |TAMS 0x0000000092c00000, 0x0000000092c00000| Untracked 
| 243|0x0000000092d00000, 0x0000000092d00000, 0x0000000092e00000|  0%| F|  |TAMS 0x0000000092d00000, 0x0000000092d00000| Untracked 
| 244|0x0000000092e00000, 0x0000000092e00000, 0x0000000092f00000|  0%| F|  |TAMS 0x0000000092e00000, 0x0000000092e00000| Untracked 
| 245|0x0000000092f00000, 0x0000000092f00000, 0x0000000093000000|  0%| F|  |TAMS 0x0000000092f00000, 0x0000000092f00000| Untracked 
| 246|0x0000000093000000, 0x0000000093000000, 0x0000000093100000|  0%| F|  |TAMS 0x0000000093000000, 0x0000000093000000| Untracked 
| 247|0x0000000093100000, 0x0000000093100000, 0x0000000093200000|  0%| F|  |TAMS 0x0000000093100000, 0x0000000093100000| Untracked 
| 248|0x0000000093200000, 0x0000000093200000, 0x0000000093300000|  0%| F|  |TAMS 0x0000000093200000, 0x0000000093200000| Untracked 
| 249|0x0000000093300000, 0x0000000093300000, 0x0000000093400000|  0%| F|  |TAMS 0x0000000093300000, 0x0000000093300000| Untracked 
| 250|0x0000000093400000, 0x0000000093400000, 0x0000000093500000|  0%| F|  |TAMS 0x0000000093400000, 0x0000000093400000| Untracked 
| 251|0x0000000093500000, 0x0000000093500000, 0x0000000093600000|  0%| F|  |TAMS 0x0000000093500000, 0x0000000093500000| Untracked 
| 252|0x0000000093600000, 0x0000000093600000, 0x0000000093700000|  0%| F|  |TAMS 0x0000000093600000, 0x0000000093600000| Untracked 
| 253|0x0000000093700000, 0x0000000093700000, 0x0000000093800000|  0%| F|  |TAMS 0x0000000093700000, 0x0000000093700000| Untracked 
| 254|0x0000000093800000, 0x0000000093800000, 0x0000000093900000|  0%| F|  |TAMS 0x0000000093800000, 0x0000000093800000| Untracked 
| 255|0x0000000093900000, 0x0000000093900000, 0x0000000093a00000|  0%| F|  |TAMS 0x0000000093900000, 0x0000000093900000| Untracked 
| 256|0x0000000093a00000, 0x0000000093a00000, 0x0000000093b00000|  0%| F|  |TAMS 0x0000000093a00000, 0x0000000093a00000| Untracked 
| 257|0x0000000093b00000, 0x0000000093b00000, 0x0000000093c00000|  0%| F|  |TAMS 0x0000000093b00000, 0x0000000093b00000| Untracked 
| 258|0x0000000093c00000, 0x0000000093c00000, 0x0000000093d00000|  0%| F|  |TAMS 0x0000000093c00000, 0x0000000093c00000| Untracked 
| 259|0x0000000093d00000, 0x0000000093d00000, 0x0000000093e00000|  0%| F|  |TAMS 0x0000000093d00000, 0x0000000093d00000| Untracked 
| 260|0x0000000093e00000, 0x0000000093e00000, 0x0000000093f00000|  0%| F|  |TAMS 0x0000000093e00000, 0x0000000093e00000| Untracked 
|1988|0x00000000ffe00000, 0x00000000ffe47000, 0x00000000fff00000| 27%|OA|  |TAMS 0x00000000ffe47000, 0x00000000ffe47000| Untracked 
|1989|0x00000000fff00000, 0x00000000fff6b000, 0x0000000100000000| 41%|CA|  |TAMS 0x00000000fff6b000, 0x00000000fff6b000| Untracked 

Card table byte_map: [0x00007f742f335000,0x00007f742f718000] _byte_map_base: 0x00007f742ef18000

Marking Bits (Prev, Next): (CMBitMap*) 0x00007f744c059ed8, (CMBitMap*) 0x00007f744c059f10
 Prev Bits: [0x00007f742d03a000, 0x00007f742ef52000)
 Next Bits: [0x00007f742b122000, 0x00007f742d03a000)

Polling page: 0x00007f745038f000

Metaspace:

Usage:
  Non-class:      6.64 MB capacity,     6.25 MB ( 94%) used,   394.54 KB (  6%) free+waste,     9.06 KB ( <1%) overhead. 
      Class:    645.00 KB capacity,   573.73 KB ( 89%) used,    67.02 KB ( 10%) free+waste,     4.25 KB ( <1%) overhead. 
       Both:      7.27 MB capacity,     6.81 MB ( 94%) used,   461.56 KB (  6%) free+waste,    13.31 KB ( <1%) overhead. 

Virtual space:
  Non-class space:        8.00 MB reserved,       6.75 MB ( 84%) committed 
      Class space:        1.00 GB reserved,     768.00 KB ( <1%) committed 
             Both:        1.01 GB reserved,       7.50 MB ( <1%) committed 

Chunk freelists:
   Non-Class:  54.00 KB
       Class:  27.00 KB
        Both:  81.00 KB

MaxMetaspaceSize: unlimited
CompressedClassSpaceSize: 1.00 GB

CodeHeap 'non-profiled nmethods': size=119172Kb used=398Kb max_used=398Kb free=118774Kb
 bounds [0x00007f743c438000, 0x00007f743c6a8000, 0x00007f7443899000]
CodeHeap 'profiled nmethods': size=119168Kb used=2238Kb max_used=2238Kb free=116929Kb
 bounds [0x00007f7434fd8000, 0x00007f7435248000, 0x00007f743c438000]
CodeHeap 'non-nmethods': size=7420Kb used=1153Kb max_used=1171Kb free=6267Kb
 bounds [0x00007f7434899000, 0x00007f7434b09000, 0x00007f7434fd8000]
 total_blobs=1557 nmethods=1154 adapters=324
 compilation: enabled
              stopped_count=0, restarted_count=0
 full_count=0

Compilation events (20 events):
Event: 0.751 Thread 0x00007f744c14e800 1145       4       java.lang.String::substring (58 bytes)
Event: 0.755 Thread 0x00007f744c14e800 nmethod 1145 0x00007f743c493410 code [0x00007f743c4935e0, 0x00007f743c493ba8]
Event: 0.756 Thread 0x00007f744c14e800 1146       4       kotlin.sequences.TransformingSequence$iterator$1::hasNext (10 bytes)
Event: 0.766 Thread 0x00007f744c14e800 nmethod 1146 0x00007f743c493f10 code [0x00007f743c494140, 0x00007f743c494b08]
Event: 0.766 Thread 0x00007f744c14e800 1147       4       kotlin.text.DelimitedRangesSequence$iterator$1::calcNext (250 bytes)
Event: 0.775 Thread 0x00007f744c14e800 nmethod 1147 0x00007f743c495390 code [0x00007f743c4955c0, 0x00007f743c495ea8]
Event: 0.775 Thread 0x00007f744c14e800 1148       4       java.lang.Integer::valueOf (32 bytes)
Event: 0.776 Thread 0x00007f744c14e800 nmethod 1148 0x00007f743c496690 code [0x00007f743c496820, 0x00007f743c4968f8]
Event: 0.776 Thread 0x00007f744c14e800 1149       4       java.lang.String::subSequence (7 bytes)
Event: 0.780 Thread 0x00007f744c14e800 nmethod 1149 0x00007f743c496a10 code [0x00007f743c496be0, 0x00007f743c497248]
Event: 0.780 Thread 0x00007f744c14e800 1150       4       kotlin.sequences.TransformingSequence$iterator$1::next (22 bytes)
Event: 0.790 Thread 0x00007f744c14e800 nmethod 1150 0x00007f743c497610 code [0x00007f743c497820, 0x00007f743c4984c8]
Event: 0.791 Thread 0x00007f744c14e800 1151       4       kotlin.text.DelimitedRangesSequence$iterator$1::next (5 bytes)
Event: 0.791 Thread 0x00007f744c14e800 nmethod 1151 0x00007f743c498d90 code [0x00007f743c498f20, 0x00007f743c499038]
Event: 0.791 Thread 0x00007f744c14e800 1152       4       kotlin.text.DelimitedRangesSequence$iterator$1::next (64 bytes)
Event: 0.793 Thread 0x00007f744c14e800 nmethod 1152 0x00007f743c499110 code [0x00007f743c4992a0, 0x00007f743c4993b8]
Event: 0.793 Thread 0x00007f744c14e800 1153       4       kotlin.text.StringsKt__StringsKt$splitToSequence$1::invoke (9 bytes)
Event: 0.801 Thread 0x00007f744c14e800 nmethod 1153 0x00007f743c499490 code [0x00007f743c499680, 0x00007f743c49a088]
Event: 0.801 Thread 0x00007f744c14e800 1154       4       kotlin.text.StringsKt__StringsKt::substring (40 bytes)
Event: 0.809 Thread 0x00007f744c14e800 nmethod 1154 0x00007f743c49a710 code [0x00007f743c49a900, 0x00007f743c49b208]

GC Heap History (20 events):
Event: 0.741 GC heap after
{Heap after GC invocations=14 (full 0):
 garbage-first heap   total 133120K, used 124808K [0x0000000083a00000, 0x0000000100000000)
  region size 1024K, 1 young (1024K), 1 survivors (1024K)
 Metaspace       used 6972K, capacity 7447K, committed 7680K, reserved 1056768K
  class space    used 573K, capacity 645K, committed 768K, reserved 1048576K
}
Event: 0.748 GC heap before
{Heap before GC invocations=15 (full 0):
 garbage-first heap   total 133120K, used 129928K [0x0000000083a00000, 0x0000000100000000)
  region size 1024K, 6 young (6144K), 1 survivors (1024K)
 Metaspace       used 6972K, capacity 7447K, committed 7680K, reserved 1056768K
  class space    used 573K, capacity 645K, committed 768K, reserved 1048576K
}
Event: 0.749 GC heap after
{Heap after GC invocations=16 (full 0):
 garbage-first heap   total 168960K, used 125055K [0x0000000083a00000, 0x0000000100000000)
  region size 1024K, 1 young (1024K), 1 survivors (1024K)
 Metaspace       used 6972K, capacity 7447K, committed 7680K, reserved 1056768K
  class space    used 573K, capacity 645K, committed 768K, reserved 1048576K
}
Event: 0.765 GC heap before
{Heap before GC invocations=16 (full 0):
 garbage-first heap   total 168960K, used 136319K [0x0000000083a00000, 0x0000000100000000)
  region size 1024K, 12 young (12288K), 1 survivors (1024K)
 Metaspace       used 6972K, capacity 7447K, committed 7680K, reserved 1056768K
  class space    used 573K, capacity 645K, committed 768K, reserved 1048576K
}
Event: 0.766 GC heap after
{Heap after GC invocations=17 (full 0):
 garbage-first heap   total 168960K, used 125561K [0x0000000083a00000, 0x0000000100000000)
  region size 1024K, 2 young (2048K), 2 survivors (2048K)
 Metaspace       used 6972K, capacity 7447K, committed 7680K, reserved 1056768K
  class space    used 573K, capacity 645K, committed 768K, reserved 1048576K
}
Event: 0.779 GC heap before
{Heap before GC invocations=18 (full 0):
 garbage-first heap   total 168960K, used 136825K [0x0000000083a00000, 0x0000000100000000)
  region size 1024K, 13 young (13312K), 2 survivors (2048K)
 Metaspace       used 6972K, capacity 7447K, committed 7680K, reserved 1056768K
  class space    used 573K, capacity 645K, committed 768K, reserved 1048576K
}
Event: 0.780 GC heap after
{Heap after GC invocations=19 (full 0):
 garbage-first heap   total 168960K, used 126160K [0x0000000083a00000, 0x0000000100000000)
  region size 1024K, 2 young (2048K), 2 survivors (2048K)
 Metaspace       used 6972K, capacity 7447K, committed 7680K, reserved 1056768K
  class space    used 573K, capacity 645K, committed 768K, reserved 1048576K
}
Event: 0.792 GC heap before
{Heap before GC invocations=19 (full 0):
 garbage-first heap   total 168960K, used 138448K [0x0000000083a00000, 0x0000000100000000)
  region size 1024K, 14 young (14336K), 2 survivors (2048K)
 Metaspace       used 6972K, capacity 7447K, committed 7680K, reserved 1056768K
  class space    used 573K, capacity 645K, committed 768K, reserved 1048576K
}
Event: 0.793 GC heap after
{Heap after GC invocations=20 (full 0):
 garbage-first heap   total 168960K, used 126692K [0x0000000083a00000, 0x0000000100000000)
  region size 1024K, 2 young (2048K), 2 survivors (2048K)
 Metaspace       used 6972K, capacity 7447K, committed 7680K, reserved 1056768K
  class space    used 573K, capacity 645K, committed 768K, reserved 1048576K
}
Event: 0.808 GC heap before
{Heap before GC invocations=21 (full 0):
 garbage-first heap   total 168960K, used 140004K [0x0000000083a00000, 0x0000000100000000)
  region size 1024K, 15 young (15360K), 2 survivors (2048K)
 Metaspace       used 6972K, capacity 7447K, committed 7680K, reserved 1056768K
  class space    used 573K, capacity 645K, committed 768K, reserved 1048576K
}
Event: 0.809 GC heap after
{Heap after GC invocations=22 (full 0):
 garbage-first heap   total 168960K, used 127370K [0x0000000083a00000, 0x0000000100000000)
  region size 1024K, 2 young (2048K), 2 survivors (2048K)
 Metaspace       used 6972K, capacity 7447K, committed 7680K, reserved 1056768K
  class space    used 573K, capacity 645K, committed 768K, reserved 1048576K
}
Event: 0.821 GC heap before
{Heap before GC invocations=22 (full 0):
 garbage-first heap   total 168960K, used 140682K [0x0000000083a00000, 0x0000000100000000)
  region size 1024K, 15 young (15360K), 2 survivors (2048K)
 Metaspace       used 6972K, capacity 7447K, committed 7680K, reserved 1056768K
  class space    used 573K, capacity 645K, committed 768K, reserved 1048576K
}
Event: 0.823 GC heap after
{Heap after GC invocations=23 (full 0):
 garbage-first heap   total 269312K, used 127944K [0x0000000083a00000, 0x0000000100000000)
  region size 1024K, 2 young (2048K), 2 survivors (2048K)
 Metaspace       used 6972K, capacity 7447K, committed 7680K, reserved 1056768K
  class space    used 573K, capacity 645K, committed 768K, reserved 1048576K
}
Event: 0.908 GC heap before
{Heap before GC invocations=24 (full 0):
 garbage-first heap   total 269312K, used 190408K [0x0000000083a00000, 0x0000000100000000)
  region size 1024K, 63 young (64512K), 2 survivors (2048K)
 Metaspace       used 6972K, capacity 7447K, committed 7680K, reserved 1056768K
  class space    used 573K, capacity 645K, committed 768K, reserved 1048576K
}
Event: 0.911 GC heap after
{Heap after GC invocations=25 (full 0):
 garbage-first heap   total 269312K, used 130861K [0x0000000083a00000, 0x0000000100000000)
  region size 1024K, 5 young (5120K), 5 survivors (5120K)
 Metaspace       used 6972K, capacity 7447K, committed 7680K, reserved 1056768K
  class space    used 573K, capacity 645K, committed 768K, reserved 1048576K
}
Event: 0.986 GC heap before
{Heap before GC invocations=25 (full 0):
 garbage-first heap   total 269312K, used 206637K [0x0000000083a00000, 0x0000000100000000)
  region size 1024K, 79 young (80896K), 5 survivors (5120K)
 Metaspace       used 6972K, capacity 7447K, committed 7680K, reserved 1056768K
  class space    used 573K, capacity 645K, committed 768K, reserved 1048576K
}
Event: 0.989 GC heap after
{Heap after GC invocations=26 (full 0):
 garbage-first heap   total 269312K, used 134428K [0x0000000083a00000, 0x0000000100000000)
  region size 1024K, 8 young (8192K), 8 survivors (8192K)
 Metaspace       used 6972K, capacity 7447K, committed 7680K, reserved 1056768K
  class space    used 573K, capacity 645K, committed 768K, reserved 1048576K
}
Event: 1.077 GC heap before
{Heap before GC invocations=27 (full 0):
 garbage-first heap   total 269312K, used 219420K [0x0000000083a00000, 0x0000000100000000)
  region size 1024K, 91 young (93184K), 8 survivors (8192K)
 Metaspace       used 6972K, capacity 7447K, committed 7680K, reserved 1056768K
  class space    used 573K, capacity 645K, committed 768K, reserved 1048576K
}
Event: 1.081 GC heap after
{Heap after GC invocations=28 (full 0):
 garbage-first heap   total 269312K, used 138598K [0x0000000083a00000, 0x0000000100000000)
  region size 1024K, 8 young (8192K), 8 survivors (8192K)
 Metaspace       used 6972K, capacity 7447K, committed 7680K, reserved 1056768K
  class space    used 573K, capacity 645K, committed 768K, reserved 1048576K
}
Event: 1.158 GC heap before
{Heap before GC invocations=28 (full 0):
 garbage-first heap   total 269312K, used 221542K [0x0000000083a00000, 0x0000000100000000)
  region size 1024K, 89 young (91136K), 8 survivors (8192K)
 Metaspace       used 6972K, capacity 7447K, committed 7680K, reserved 1056768K
  class space    used 573K, capacity 645K, committed 768K, reserved 1048576K
}

Deoptimization events (20 events):
Event: 0.710 Thread 0x00007f744c018000 DEOPT PACKING pc=0x00007f74351f948f sp=0x00007f74504db0f0
Event: 0.710 Thread 0x00007f744c018000 DEOPT UNPACKING pc=0x00007f74348cfdba sp=0x00007f74504da650 mode 0
Event: 0.710 Thread 0x00007f744c018000 DEOPT PACKING pc=0x00007f74351f948f sp=0x00007f74504db0f0
Event: 0.710 Thread 0x00007f744c018000 DEOPT UNPACKING pc=0x00007f74348cfdba sp=0x00007f74504da650 mode 0
Event: 0.712 Thread 0x00007f744c018000 DEOPT PACKING pc=0x00007f74351f948f sp=0x00007f74504db0f0
Event: 0.712 Thread 0x00007f744c018000 DEOPT UNPACKING pc=0x00007f74348cfdba sp=0x00007f74504da650 mode 0
Event: 0.712 Thread 0x00007f744c018000 DEOPT PACKING pc=0x00007f74351f948f sp=0x00007f74504db0f0
Event: 0.712 Thread 0x00007f744c018000 DEOPT UNPACKING pc=0x00007f74348cfdba sp=0x00007f74504da650 mode 0
Event: 0.712 Thread 0x00007f744c018000 DEOPT PACKING pc=0x00007f74351f948f sp=0x00007f74504db0f0
Event: 0.712 Thread 0x00007f744c018000 DEOPT UNPACKING pc=0x00007f74348cfdba sp=0x00007f74504da650 mode 0
Event: 0.713 Thread 0x00007f744c018000 DEOPT PACKING pc=0x00007f74351f948f sp=0x00007f74504db0f0
Event: 0.713 Thread 0x00007f744c018000 DEOPT UNPACKING pc=0x00007f74348cfdba sp=0x00007f74504da650 mode 0
Event: 0.713 Thread 0x00007f744c018000 DEOPT PACKING pc=0x00007f74351f948f sp=0x00007f74504db0f0
Event: 0.713 Thread 0x00007f744c018000 DEOPT UNPACKING pc=0x00007f74348cfdba sp=0x00007f74504da650 mode 0
Event: 0.714 Thread 0x00007f744c018000 DEOPT PACKING pc=0x00007f74351f948f sp=0x00007f74504db0f0
Event: 0.714 Thread 0x00007f744c018000 DEOPT UNPACKING pc=0x00007f74348cfdba sp=0x00007f74504da650 mode 0
Event: 0.715 Thread 0x00007f744c018000 DEOPT PACKING pc=0x00007f74351f948f sp=0x00007f74504db0f0
Event: 0.715 Thread 0x00007f744c018000 DEOPT UNPACKING pc=0x00007f74348cfdba sp=0x00007f74504da650 mode 0
Event: 0.715 Thread 0x00007f744c018000 DEOPT PACKING pc=0x00007f74351f948f sp=0x00007f74504db0f0
Event: 0.715 Thread 0x00007f744c018000 DEOPT UNPACKING pc=0x00007f74348cfdba sp=0x00007f74504da650 mode 0

Classes redefined (0 events):
No events

Internal exceptions (8 events):
Event: 0.058 Thread 0x00007f744c018000 Exception <a 'java/security/PrivilegedActionException'{0x000000008b75cf80}> (0x000000008b75cf80) thrown at [src/hotspot/share/prims/jvm.cpp, line 1303]
Event: 0.058 Thread 0x00007f744c018000 Exception <a 'java/security/PrivilegedActionException'{0x000000008b75d250}> (0x000000008b75d250) thrown at [src/hotspot/share/prims/jvm.cpp, line 1303]
Event: 0.247 Thread 0x00007f744c018000 Exception <a 'java/lang/NoClassDefFoundError'{0x000000008ae975c8}: org/slf4j/impl/StaticLoggerBinder> (0x000000008ae975c8) thrown at [src/hotspot/share/classfile/systemDictionary.cpp, line 220]
Event: 0.375 Thread 0x00007f744c018000 Exception <a 'java/lang/NoSuchMethodError'{0x000000008a65d3e0}: 'int java.lang.invoke.DirectMethodHandle$Holder.invokeSpecialIFC(java.lang.Object, java.lang.Object, int)'> (0x000000008a65d3e0) thrown at [src/hotspot/share/interpreter/linkResolver.cpp, line 772]
Event: 0.388 Thread 0x00007f744c018000 Exception <a 'java/lang/NoSuchMethodError'{0x000000008a687290}: 'int java.lang.invoke.DirectMethodHandle$Holder.invokeStaticInit(java.lang.Object, java.lang.Object, java.lang.Object, java.lang.Object)'> (0x000000008a687290) thrown at [src/hotspot/share/interpreter/linkResolver.cpp, line 772]
Event: 0.389 Thread 0x00007f744c018000 Exception <a 'java/lang/IncompatibleClassChangeError'{0x000000008a690a08}: Found class java.lang.Object, but interface was expected> (0x000000008a690a08) thrown at [src/hotspot/share/interpreter/linkResolver.cpp, line 839]
Event: 0.389 Thread 0x00007f744c018000 Exception <a 'java/lang/NoSuchMethodError'{0x000000008a693cb8}: 'void java.lang.invoke.DirectMethodHandle$Holder.invokeStaticInit(java.lang.Object, java.lang.Object)'> (0x000000008a693cb8) thrown at [src/hotspot/share/interpreter/linkResolver.cpp, line 772]
Event: 0.390 Thread 0x00007f744c018000 Exception <a 'java/lang/NoSuchMethodError'{0x000000008a699810}: 'int java.lang.invoke.DirectMethodHandle$Holder.invokeStaticInit(java.lang.Object, java.lang.Object)'> (0x000000008a699810) thrown at [src/hotspot/share/interpreter/linkResolver.cpp, line 772]

Events (20 events):
Event: 0.799 Executing VM operation: CGC_Operation done
Event: 0.808 Executing VM operation: G1CollectForAllocation
Event: 0.809 Executing VM operation: G1CollectForAllocation done
Event: 0.821 Executing VM operation: G1CollectForAllocation
Event: 0.823 Executing VM operation: G1CollectForAllocation done
Event: 0.826 Executing VM operation: CGC_Operation
Event: 0.827 Executing VM operation: CGC_Operation done
Event: 0.828 Executing VM operation: CGC_Operation
Event: 0.829 Executing VM operation: CGC_Operation done
Event: 0.908 Executing VM operation: G1CollectForAllocation
Event: 0.911 Executing VM operation: G1CollectForAllocation done
Event: 0.986 Executing VM operation: G1CollectForAllocation
Event: 0.989 Executing VM operation: G1CollectForAllocation done
Event: 0.992 Executing VM operation: CGC_Operation
Event: 0.994 Executing VM operation: CGC_Operation done
Event: 0.995 Executing VM operation: CGC_Operation
Event: 0.995 Executing VM operation: CGC_Operation done
Event: 1.077 Executing VM operation: G1CollectForAllocation
Event: 1.081 Executing VM operation: G1CollectForAllocation done
Event: 1.158 Executing VM operation: G1CollectForAllocation


Dynamic libraries:
83a00000-93f00000 rw-p 00000000 00:00 0 
a4600000-ffe00000 ---p 00000000 00:00 0 
ffe00000-ffe47000 rw-p 01111000 08:20 69132                              /usr/lib/jvm/java-11-openjdk-amd64/lib/server/classes.jsa
ffe47000-fff00000 rw-p 00000000 00:00 0 
fff00000-fff6b000 rw-p 010a6000 08:20 69132                              /usr/lib/jvm/java-11-openjdk-amd64/lib/server/classes.jsa
fff6b000-100000000 rw-p 00000000 00:00 0 
800000000-800002000 rwxp 00001000 08:20 69132                            /usr/lib/jvm/java-11-openjdk-amd64/lib/server/classes.jsa
800002000-8010a5000 rw-p 00003000 08:20 69132                            /usr/lib/jvm/java-11-openjdk-amd64/lib/server/classes.jsa
840000000-8400c0000 rw-p 00000000 00:00 0 
8400c0000-880000000 ---p 00000000 00:00 0 
55e4d0b2f000-55e4d0b30000 r--p 00000000 08:20 310955                     /usr/lib/jvm/java-11-openjdk-amd64/bin/java
55e4d0b30000-55e4d0b31000 r-xp 00001000 08:20 310955                     /usr/lib/jvm/java-11-openjdk-amd64/bin/java
55e4d0b31000-55e4d0b32000 r--p 00002000 08:20 310955                     /usr/lib/jvm/java-11-openjdk-amd64/bin/java
55e4d0b32000-55e4d0b33000 r--p 00002000 08:20 310955                     /usr/lib/jvm/java-11-openjdk-amd64/bin/java
55e4d0b33000-55e4d0b34000 rw-p 00003000 08:20 310955                     /usr/lib/jvm/java-11-openjdk-amd64/bin/java
55e4d2999000-55e4d29ba000 rw-p 00000000 00:00 0                          [heap]
7f73bc000000-7f73bc021000 rw-p 00000000 00:00 0 
7f73bc021000-7f73c0000000 ---p 00000000 00:00 0 
7f73c4000000-7f73c4021000 rw-p 00000000 00:00 0 
7f73c4021000-7f73c8000000 ---p 00000000 00:00 0 
7f73c8000000-7f73c8021000 rw-p 00000000 00:00 0 
7f73c8021000-7f73cc000000 ---p 00000000 00:00 0 
7f73cc000000-7f73cc021000 rw-p 00000000 00:00 0 
7f73cc021000-7f73d0000000 ---p 00000000 00:00 0 
7f73d0000000-7f73d0021000 rw-p 00000000 00:00 0 
7f73d0021000-7f73d4000000 ---p 00000000 00:00 0 
7f73d4000000-7f73d4021000 rw-p 00000000 00:00 0 
7f73d4021000-7f73d8000000 ---p 00000000 00:00 0 
7f73d8000000-7f73d8021000 rw-p 00000000 00:00 0 
7f73d8021000-7f73dc000000 ---p 00000000 00:00 0 
7f73dc000000-7f73dc021000 rw-p 00000000 00:00 0 
7f73dc021000-7f73e0000000 ---p 00000000 00:00 0 
7f73e0000000-7f73e0021000 rw-p 00000000 00:00 0 
7f73e0021000-7f73e4000000 ---p 00000000 00:00 0 
7f73e4000000-7f73e4021000 rw-p 00000000 00:00 0 
7f73e4021000-7f73e8000000 ---p 00000000 00:00 0 
7f73e8000000-7f73e8021000 rw-p 00000000 00:00 0 
7f73e8021000-7f73ec000000 ---p 00000000 00:00 0 
7f73ec000000-7f73ec028000 rw-p 00000000 00:00 0 
7f73ec028000-7f73f0000000 ---p 00000000 00:00 0 
7f73f0000000-7f73f0021000 rw-p 00000000 00:00 0 
7f73f0021000-7f73f4000000 ---p 00000000 00:00 0 
7f73f4000000-7f73f4021000 rw-p 00000000 00:00 0 
7f73f4021000-7f73f8000000 ---p 00000000 00:00 0 
7f73f8000000-7f73f8021000 rw-p 00000000 00:00 0 
7f73f8021000-7f73fc000000 ---p 00000000 00:00 0 
7f73fc000000-7f73fc4b2000 rw-p 00000000 00:00 0 
7f73fc4b2000-7f7400000000 ---p 00000000 00:00 0 
7f7400000000-7f7400333000 rw-p 00000000 00:00 0 
7f7400333000-7f7404000000 ---p 00000000 00:00 0 
7f7404000000-7f7404021000 rw-p 00000000 00:00 0 
7f7404021000-7f7408000000 ---p 00000000 00:00 0 
7f7408000000-7f7408021000 rw-p 00000000 00:00 0 
7f7408021000-7f740c000000 ---p 00000000 00:00 0 
7f740c000000-7f740c085000 rw-p 00000000 00:00 0 
7f740c085000-7f7410000000 ---p 00000000 00:00 0 
7f7410000000-7f7410021000 rw-p 00000000 00:00 0 
7f7410021000-7f7414000000 ---p 00000000 00:00 0 
7f7414000000-7f7414021000 rw-p 00000000 00:00 0 
7f7414021000-7f7418000000 ---p 00000000 00:00 0 
7f7419e16000-7f7419e17000 ---p 00000000 00:00 0 
7f7419e17000-7f7419f18000 rw-p 00000000 00:00 0 
7f7419f18000-7f7419f19000 ---p 00000000 00:00 0 
7f7419f19000-7f741a01a000 rw-p 00000000 00:00 0 
7f741a01a000-7f741a01b000 ---p 00000000 00:00 0 
7f741a01b000-7f741a11c000 rw-p 00000000 00:00 0 
7f741a11c000-7f741a11d000 ---p 00000000 00:00 0 
7f741a11d000-7f741a21e000 rw-p 00000000 00:00 0 
7f741a21e000-7f741a21f000 ---p 00000000 00:00 0 
7f741a21f000-7f741a320000 rw-p 00000000 00:00 0 
7f741a320000-7f741a321000 ---p 00000000 00:00 0 
7f741a321000-7f741a422000 rw-p 00000000 00:00 0 
7f741a422000-7f741a423000 ---p 00000000 00:00 0 
7f741a423000-7f741a524000 rw-p 00000000 00:00 0 
7f741a524000-7f741a52c000 r--p 00000000 08:20 312565                     /usr/lib/jvm/java-11-openjdk-amd64/lib/libsunec.so
7f741a52c000-7f741a545000 r-xp 00008000 08:20 312565                     /usr/lib/jvm/java-11-openjdk-amd64/lib/libsunec.so
7f741a545000-7f741a54f000 r--p 00021000 08:20 312565                     /usr/lib/jvm/java-11-openjdk-amd64/lib/libsunec.so
7f741a54f000-7f741a550000 ---p 0002b000 08:20 312565                     /usr/lib/jvm/java-11-openjdk-amd64/lib/libsunec.so
7f741a550000-7f741a554000 r--p 0002b000 08:20 312565                     /usr/lib/jvm/java-11-openjdk-amd64/lib/libsunec.so
7f741a554000-7f741a556000 rw-p 0002f000 08:20 312565                     /usr/lib/jvm/java-11-openjdk-amd64/lib/libsunec.so
7f741a556000-7f741a55a000 ---p 00000000 00:00 0 
7f741a55a000-7f741a688000 rw-p 00000000 00:00 0 
7f741a688000-7f741a68c000 ---p 00000000 00:00 0 
7f741a68c000-7f741a789000 rw-p 00000000 00:00 0 
7f741a789000-7f741a78a000 ---p 00000000 00:00 0 
7f741a78a000-7f741a88b000 rw-p 00000000 00:00 0 
7f741a88b000-7f741a88f000 ---p 00000000 00:00 0 
7f741a88f000-7f741a98c000 rw-p 00000000 00:00 0 
7f741a98c000-7f741a990000 ---p 00000000 00:00 0 
7f741a990000-7f741aa8d000 rw-p 00000000 00:00 0 
7f741aa8d000-7f741aa91000 ---p 00000000 00:00 0 
7f741aa91000-7f741ab8e000 rw-p 00000000 00:00 0 
7f741ab8e000-7f741ab92000 ---p 00000000 00:00 0 
7f741ab92000-7f741ac8f000 rw-p 00000000 00:00 0 
7f741ac8f000-7f741ac93000 ---p 00000000 00:00 0 
7f741ac93000-7f741ad90000 rw-p 00000000 00:00 0 
7f741ad90000-7f741ad94000 ---p 00000000 00:00 0 
7f741ad94000-7f741ae91000 rw-p 00000000 00:00 0 
7f741ae91000-7f741ae95000 ---p 00000000 00:00 0 
7f741ae95000-7f741af92000 rw-p 00000000 00:00 0 
7f741af92000-7f741af96000 ---p 00000000 00:00 0 
7f741af96000-7f741b093000 rw-p 00000000 00:00 0 
7f741b093000-7f741b379000 r--p 00000000 08:20 35774                      /usr/lib/locale/locale-archive
7f741b379000-7f741b37d000 ---p 00000000 00:00 0 
7f741b37d000-7f741b47a000 rw-p 00000000 00:00 0 
7f741b47a000-7f741b47e000 ---p 00000000 00:00 0 
7f741b47e000-7f741b57b000 rw-p 00000000 00:00 0 
7f741b57b000-7f741b57c000 ---p 00000000 00:00 0 
7f741b57c000-7f741bdbe000 rw-p 00000000 00:00 0 
7f741bdbe000-7f741befe000 ---p 00000000 00:00 0 
7f741befe000-7f741beff000 ---p 00000000 00:00 0 
7f741beff000-7f741c000000 rw-p 00000000 00:00 0 
7f741c000000-7f741c021000 rw-p 00000000 00:00 0 
7f741c021000-7f7420000000 ---p 00000000 00:00 0 
7f7420000000-7f7420021000 rw-p 00000000 00:00 0 
7f7420021000-7f7424000000 ---p 00000000 00:00 0 
7f7424000000-7f7424021000 rw-p 00000000 00:00 0 
7f7424021000-7f7428000000 ---p 00000000 00:00 0 
7f742801a000-7f742801e000 r--p 00000000 08:20 312559                     /usr/lib/jvm/java-11-openjdk-amd64/lib/libnet.so
7f742801e000-7f742802d000 r-xp 00004000 08:20 312559                     /usr/lib/jvm/java-11-openjdk-amd64/lib/libnet.so
7f742802d000-7f7428031000 r--p 00013000 08:20 312559                     /usr/lib/jvm/java-11-openjdk-amd64/lib/libnet.so
7f7428031000-7f7428032000 r--p 00016000 08:20 312559                     /usr/lib/jvm/java-11-openjdk-amd64/lib/libnet.so
7f7428032000-7f7428033000 rw-p 00017000 08:20 312559                     /usr/lib/jvm/java-11-openjdk-amd64/lib/libnet.so
7f7428033000-7f742803a000 r--p 00000000 08:20 312560                     /usr/lib/jvm/java-11-openjdk-amd64/lib/libnio.so
7f742803a000-7f7428042000 r-xp 00007000 08:20 312560                     /usr/lib/jvm/java-11-openjdk-amd64/lib/libnio.so
7f7428042000-7f7428045000 r--p 0000f000 08:20 312560                     /usr/lib/jvm/java-11-openjdk-amd64/lib/libnio.so
7f7428045000-7f7428046000 r--p 00011000 08:20 312560                     /usr/lib/jvm/java-11-openjdk-amd64/lib/libnio.so
7f7428046000-7f7428047000 rw-p 00012000 08:20 312560                     /usr/lib/jvm/java-11-openjdk-amd64/lib/libnio.so
7f7428047000-7f7428049000 r--p 00000000 08:20 312539                     /usr/lib/jvm/java-11-openjdk-amd64/lib/libdt_socket.so
7f7428049000-7f742804c000 r-xp 00002000 08:20 312539                     /usr/lib/jvm/java-11-openjdk-amd64/lib/libdt_socket.so
7f742804c000-7f742804d000 r--p 00005000 08:20 312539                     /usr/lib/jvm/java-11-openjdk-amd64/lib/libdt_socket.so
7f742804d000-7f742804e000 ---p 00006000 08:20 312539                     /usr/lib/jvm/java-11-openjdk-amd64/lib/libdt_socket.so
7f742804e000-7f742804f000 r--p 00006000 08:20 312539                     /usr/lib/jvm/java-11-openjdk-amd64/lib/libdt_socket.so
7f742804f000-7f7428050000 rw-p 00007000 08:20 312539                     /usr/lib/jvm/java-11-openjdk-amd64/lib/libdt_socket.so
7f7428050000-7f7428051000 ---p 00000000 00:00 0 
7f7428051000-7f742ae5f000 rw-p 00000000 00:00 0 
7f742ae5f000-7f742ae60000 ---p 00000000 00:00 0 
7f742ae60000-7f742af61000 rw-p 00000000 00:00 0 
7f742af61000-7f742af62000 ---p 00000000 00:00 0 
7f742af62000-7f742b536000 rw-p 00000000 00:00 0 
7f742b536000-7f742d032000 ---p 00000000 00:00 0 
7f742d032000-7f742d44e000 rw-p 00000000 00:00 0 
7f742d44e000-7f742ef4a000 ---p 00000000 00:00 0 
7f742ef4a000-7f742efd5000 rw-p 00000000 00:00 0 
7f742efd5000-7f742f334000 ---p 00000000 00:00 0 
7f742f334000-7f742f3b8000 rw-p 00000000 00:00 0 
7f742f3b8000-7f742f717000 ---p 00000000 00:00 0 
7f742f717000-7f742f79b000 rw-p 00000000 00:00 0 
7f742f79b000-7f742fafa000 ---p 00000000 00:00 0 
7f742fafa000-7f7430000000 rw-p 00000000 00:00 0 
7f7430000000-7f7430021000 rw-p 00000000 00:00 0 
7f7430021000-7f7434000000 ---p 00000000 00:00 0 
7f7434007000-7f743400e000 r--s 00000000 08:20 28192                      /usr/lib/x86_64-linux-gnu/gconv/gconv-modules.cache
7f743400e000-7f7434899000 rw-p 00000000 00:00 0 
7f7434899000-7f7434b09000 rwxp 00000000 00:00 0 
7f7434b09000-7f7434fd8000 ---p 00000000 00:00 0 
7f7434fd8000-7f7435248000 rwxp 00000000 00:00 0 
7f7435248000-7f743c438000 ---p 00000000 00:00 0 
7f743c438000-7f743c6a8000 rwxp 00000000 00:00 0 
7f743c6a8000-7f7443899000 ---p 00000000 00:00 0 
7f7443899000-7f744c000000 r--s 00000000 08:20 312569                     /usr/lib/jvm/java-11-openjdk-amd64/lib/modules
7f744c000000-7f744c584000 rw-p 00000000 00:00 0 
7f744c584000-7f7450000000 ---p 00000000 00:00 0 
7f7450003000-7f7450045000 rw-p 00000000 00:00 0 
7f7450045000-7f7450046000 ---p 00000000 00:00 0 
7f7450046000-7f745014c000 rw-p 00000000 00:00 0 
7f745014c000-7f7450230000 ---p 00000000 00:00 0 
7f7450230000-7f7450235000 rw-p 00000000 00:00 0 
7f7450235000-7f7450319000 ---p 00000000 00:00 0 
7f7450319000-7f745031e000 rw-p 00000000 00:00 0 
7f745031e000-7f7450328000 ---p 00000000 00:00 0 
7f7450328000-7f745032a000 r--s 0000c000 08:20 68079                      /usr/share/java/java-atk-wrapper.jar
7f745032a000-7f745032c000 r--p 00000000 08:20 312568                     /usr/lib/jvm/java-11-openjdk-amd64/lib/libzip.so
7f745032c000-7f7450330000 r-xp 00002000 08:20 312568                     /usr/lib/jvm/java-11-openjdk-amd64/lib/libzip.so
7f7450330000-7f7450332000 r--p 00006000 08:20 312568                     /usr/lib/jvm/java-11-openjdk-amd64/lib/libzip.so
7f7450332000-7f7450333000 r--p 00007000 08:20 312568                     /usr/lib/jvm/java-11-openjdk-amd64/lib/libzip.so
7f7450333000-7f7450334000 rw-p 00008000 08:20 312568                     /usr/lib/jvm/java-11-openjdk-amd64/lib/libzip.so
7f7450334000-7f7450337000 r--p 00000000 08:20 27870                      /usr/lib/x86_64-linux-gnu/libnss_files-2.31.so
7f7450337000-7f745033e000 r-xp 00003000 08:20 27870                      /usr/lib/x86_64-linux-gnu/libnss_files-2.31.so
7f745033e000-7f7450340000 r--p 0000a000 08:20 27870                      /usr/lib/x86_64-linux-gnu/libnss_files-2.31.so
7f7450340000-7f7450341000 r--p 0000b000 08:20 27870                      /usr/lib/x86_64-linux-gnu/libnss_files-2.31.so
7f7450341000-7f7450342000 rw-p 0000c000 08:20 27870                      /usr/lib/x86_64-linux-gnu/libnss_files-2.31.so
7f7450342000-7f7450348000 rw-p 00000000 00:00 0 
7f7450349000-7f7450351000 rw-s 00000000 08:20 752813                     /tmp/hsperfdata_rollie/6881
7f7450351000-7f7450353000 r--p 00000000 08:20 312550                     /usr/lib/jvm/java-11-openjdk-amd64/lib/libjdwp.so
7f7450353000-7f745037f000 r-xp 00002000 08:20 312550                     /usr/lib/jvm/java-11-openjdk-amd64/lib/libjdwp.so
7f745037f000-7f745038d000 r--p 0002e000 08:20 312550                     /usr/lib/jvm/java-11-openjdk-amd64/lib/libjdwp.so
7f745038d000-7f745038e000 r--p 0003b000 08:20 312550                     /usr/lib/jvm/java-11-openjdk-amd64/lib/libjdwp.so
7f745038e000-7f745038f000 rw-p 0003c000 08:20 312550                     /usr/lib/jvm/java-11-openjdk-amd64/lib/libjdwp.so
7f745038f000-7f7450390000 ---p 00000000 00:00 0 
7f7450390000-7f7450391000 r--p 00000000 00:00 0 
7f7450391000-7f745039f000 r--p 00000000 08:20 312547                     /usr/lib/jvm/java-11-openjdk-amd64/lib/libjava.so
7f745039f000-7f74503b5000 r-xp 0000e000 08:20 312547                     /usr/lib/jvm/java-11-openjdk-amd64/lib/libjava.so
7f74503b5000-7f74503bc000 r--p 00024000 08:20 312547                     /usr/lib/jvm/java-11-openjdk-amd64/lib/libjava.so
7f74503bc000-7f74503bd000 r--p 0002a000 08:20 312547                     /usr/lib/jvm/java-11-openjdk-amd64/lib/libjava.so
7f74503bd000-7f74503be000 rw-p 0002b000 08:20 312547                     /usr/lib/jvm/java-11-openjdk-amd64/lib/libjava.so
7f74503be000-7f74503bf000 rw-p 00000000 00:00 0 
7f74503bf000-7f74503c4000 r--p 00000000 08:20 312567                     /usr/lib/jvm/java-11-openjdk-amd64/lib/libverify.so
7f74503c4000-7f74503cb000 r-xp 00005000 08:20 312567                     /usr/lib/jvm/java-11-openjdk-amd64/lib/libverify.so
7f74503cb000-7f74503cd000 r--p 0000c000 08:20 312567                     /usr/lib/jvm/java-11-openjdk-amd64/lib/libverify.so
7f74503cd000-7f74503ce000 ---p 0000e000 08:20 312567                     /usr/lib/jvm/java-11-openjdk-amd64/lib/libverify.so
7f74503ce000-7f74503d0000 r--p 0000e000 08:20 312567                     /usr/lib/jvm/java-11-openjdk-amd64/lib/libverify.so
7f74503d0000-7f74503d1000 rw-p 00010000 08:20 312567                     /usr/lib/jvm/java-11-openjdk-amd64/lib/libverify.so
7f74503d1000-7f74503d4000 r--p 00000000 08:20 27880                      /usr/lib/x86_64-linux-gnu/librt-2.31.so
7f74503d4000-7f74503d8000 r-xp 00003000 08:20 27880                      /usr/lib/x86_64-linux-gnu/librt-2.31.so
7f74503d8000-7f74503d9000 r--p 00007000 08:20 27880                      /usr/lib/x86_64-linux-gnu/librt-2.31.so
7f74503d9000-7f74503da000 ---p 00008000 08:20 27880                      /usr/lib/x86_64-linux-gnu/librt-2.31.so
7f74503da000-7f74503db000 r--p 00008000 08:20 27880                      /usr/lib/x86_64-linux-gnu/librt-2.31.so
7f74503db000-7f74503dc000 rw-p 00009000 08:20 27880                      /usr/lib/x86_64-linux-gnu/librt-2.31.so
7f74503dc000-7f74503e0000 ---p 00000000 00:00 0 
7f74503e0000-7f74504dd000 rw-p 00000000 00:00 0 
7f74504dd000-7f74504e0000 r--p 00000000 08:20 19092                      /usr/lib/x86_64-linux-gnu/libgcc_s.so.1
7f74504e0000-7f74504f2000 r-xp 00003000 08:20 19092                      /usr/lib/x86_64-linux-gnu/libgcc_s.so.1
7f74504f2000-7f74504f6000 r--p 00015000 08:20 19092                      /usr/lib/x86_64-linux-gnu/libgcc_s.so.1
7f74504f6000-7f74504f7000 r--p 00018000 08:20 19092                      /usr/lib/x86_64-linux-gnu/libgcc_s.so.1
7f74504f7000-7f74504f8000 rw-p 00019000 08:20 19092                      /usr/lib/x86_64-linux-gnu/libgcc_s.so.1
7f74504f8000-7f7450507000 r--p 00000000 08:20 27863                      /usr/lib/x86_64-linux-gnu/libm-2.31.so
7f7450507000-7f74505ae000 r-xp 0000f000 08:20 27863                      /usr/lib/x86_64-linux-gnu/libm-2.31.so
7f74505ae000-7f7450645000 r--p 000b6000 08:20 27863                      /usr/lib/x86_64-linux-gnu/libm-2.31.so
7f7450645000-7f7450646000 r--p 0014c000 08:20 27863                      /usr/lib/x86_64-linux-gnu/libm-2.31.so
7f7450646000-7f7450647000 rw-p 0014d000 08:20 27863                      /usr/lib/x86_64-linux-gnu/libm-2.31.so
7f7450647000-7f74506dd000 r--p 00000000 08:20 27838                      /usr/lib/x86_64-linux-gnu/libstdc++.so.6.0.28
7f74506dd000-7f74507cd000 r-xp 00096000 08:20 27838                      /usr/lib/x86_64-linux-gnu/libstdc++.so.6.0.28
7f74507cd000-7f7450816000 r--p 00186000 08:20 27838                      /usr/lib/x86_64-linux-gnu/libstdc++.so.6.0.28
7f7450816000-7f7450817000 ---p 001cf000 08:20 27838                      /usr/lib/x86_64-linux-gnu/libstdc++.so.6.0.28
7f7450817000-7f7450822000 r--p 001cf000 08:20 27838                      /usr/lib/x86_64-linux-gnu/libstdc++.so.6.0.28
7f7450822000-7f7450825000 rw-p 001da000 08:20 27838                      /usr/lib/x86_64-linux-gnu/libstdc++.so.6.0.28
7f7450825000-7f7450828000 rw-p 00000000 00:00 0 
7f7450828000-7f7450aa1000 r--p 00000000 08:20 312574                     /usr/lib/jvm/java-11-openjdk-amd64/lib/server/libjvm.so
7f7450aa1000-7f745171e000 r-xp 00279000 08:20 312574                     /usr/lib/jvm/java-11-openjdk-amd64/lib/server/libjvm.so
7f745171e000-7f7451974000 r--p 00ef6000 08:20 312574                     /usr/lib/jvm/java-11-openjdk-amd64/lib/server/libjvm.so
7f7451974000-7f7451a35000 r--p 0114b000 08:20 312574                     /usr/lib/jvm/java-11-openjdk-amd64/lib/server/libjvm.so
7f7451a35000-7f7451a70000 rw-p 0120c000 08:20 312574                     /usr/lib/jvm/java-11-openjdk-amd64/lib/server/libjvm.so
7f7451a70000-7f7451ac9000 rw-p 00000000 00:00 0 
7f7451ac9000-7f7451ad0000 r--p 00000000 08:20 27877                      /usr/lib/x86_64-linux-gnu/libpthread-2.31.so
7f7451ad0000-7f7451ae1000 r-xp 00007000 08:20 27877                      /usr/lib/x86_64-linux-gnu/libpthread-2.31.so
7f7451ae1000-7f7451ae6000 r--p 00018000 08:20 27877                      /usr/lib/x86_64-linux-gnu/libpthread-2.31.so
7f7451ae6000-7f7451ae7000 r--p 0001c000 08:20 27877                      /usr/lib/x86_64-linux-gnu/libpthread-2.31.so
7f7451ae7000-7f7451ae8000 rw-p 0001d000 08:20 27877                      /usr/lib/x86_64-linux-gnu/libpthread-2.31.so
7f7451ae8000-7f7451aec000 rw-p 00000000 00:00 0 
7f7451aec000-7f7451aed000 r--p 00000000 08:20 27861                      /usr/lib/x86_64-linux-gnu/libdl-2.31.so
7f7451aed000-7f7451aef000 r-xp 00001000 08:20 27861                      /usr/lib/x86_64-linux-gnu/libdl-2.31.so
7f7451aef000-7f7451af0000 r--p 00003000 08:20 27861                      /usr/lib/x86_64-linux-gnu/libdl-2.31.so
7f7451af0000-7f7451af1000 r--p 00003000 08:20 27861                      /usr/lib/x86_64-linux-gnu/libdl-2.31.so
7f7451af1000-7f7451af2000 rw-p 00004000 08:20 27861                      /usr/lib/x86_64-linux-gnu/libdl-2.31.so
7f7451af2000-7f7451af4000 r--p 00000000 08:20 10741                      /usr/lib/x86_64-linux-gnu/libz.so.1.2.11
7f7451af4000-7f7451b05000 r-xp 00002000 08:20 10741                      /usr/lib/x86_64-linux-gnu/libz.so.1.2.11
7f7451b05000-7f7451b0b000 r--p 00013000 08:20 10741                      /usr/lib/x86_64-linux-gnu/libz.so.1.2.11
7f7451b0b000-7f7451b0c000 ---p 00019000 08:20 10741                      /usr/lib/x86_64-linux-gnu/libz.so.1.2.11
7f7451b0c000-7f7451b0d000 r--p 00019000 08:20 10741                      /usr/lib/x86_64-linux-gnu/libz.so.1.2.11
7f7451b0d000-7f7451b0e000 rw-p 0001a000 08:20 10741                      /usr/lib/x86_64-linux-gnu/libz.so.1.2.11
7f7451b0e000-7f7451b33000 r--p 00000000 08:20 27860                      /usr/lib/x86_64-linux-gnu/libc-2.31.so
7f7451b33000-7f7451cab000 r-xp 00025000 08:20 27860                      /usr/lib/x86_64-linux-gnu/libc-2.31.so
7f7451cab000-7f7451cf5000 r--p 0019d000 08:20 27860                      /usr/lib/x86_64-linux-gnu/libc-2.31.so
7f7451cf5000-7f7451cf6000 ---p 001e7000 08:20 27860                      /usr/lib/x86_64-linux-gnu/libc-2.31.so
7f7451cf6000-7f7451cf9000 r--p 001e7000 08:20 27860                      /usr/lib/x86_64-linux-gnu/libc-2.31.so
7f7451cf9000-7f7451cfc000 rw-p 001ea000 08:20 27860                      /usr/lib/x86_64-linux-gnu/libc-2.31.so
7f7451cfc000-7f7451d00000 rw-p 00000000 00:00 0 
7f7451d00000-7f7451d02000 r--p 00000000 08:20 312551                     /usr/lib/jvm/java-11-openjdk-amd64/lib/libjimage.so
7f7451d02000-7f7451d05000 r-xp 00002000 08:20 312551                     /usr/lib/jvm/java-11-openjdk-amd64/lib/libjimage.so
7f7451d05000-7f7451d06000 r--p 00005000 08:20 312551                     /usr/lib/jvm/java-11-openjdk-amd64/lib/libjimage.so
7f7451d06000-7f7451d07000 ---p 00006000 08:20 312551                     /usr/lib/jvm/java-11-openjdk-amd64/lib/libjimage.so
7f7451d07000-7f7451d08000 r--p 00006000 08:20 312551                     /usr/lib/jvm/java-11-openjdk-amd64/lib/libjimage.so
7f7451d08000-7f7451d09000 rw-p 00007000 08:20 312551                     /usr/lib/jvm/java-11-openjdk-amd64/lib/libjimage.so
7f7451d09000-7f7451d0c000 r--p 00000000 08:20 312531                     /usr/lib/jvm/java-11-openjdk-amd64/lib/jli/libjli.so
7f7451d0c000-7f7451d16000 r-xp 00003000 08:20 312531                     /usr/lib/jvm/java-11-openjdk-amd64/lib/jli/libjli.so
7f7451d16000-7f7451d19000 r--p 0000d000 08:20 312531                     /usr/lib/jvm/java-11-openjdk-amd64/lib/jli/libjli.so
7f7451d19000-7f7451d1a000 ---p 00010000 08:20 312531                     /usr/lib/jvm/java-11-openjdk-amd64/lib/jli/libjli.so
7f7451d1a000-7f7451d1b000 r--p 00010000 08:20 312531                     /usr/lib/jvm/java-11-openjdk-amd64/lib/jli/libjli.so
7f7451d1b000-7f7451d1c000 rw-p 00011000 08:20 312531                     /usr/lib/jvm/java-11-openjdk-amd64/lib/jli/libjli.so
7f7451d1c000-7f7451d1e000 rw-p 00000000 00:00 0 
7f7451d1e000-7f7451d1f000 r--p 00000000 08:20 27855                      /usr/lib/x86_64-linux-gnu/ld-2.31.so
7f7451d1f000-7f7451d42000 r-xp 00001000 08:20 27855                      /usr/lib/x86_64-linux-gnu/ld-2.31.so
7f7451d42000-7f7451d4a000 r--p 00024000 08:20 27855                      /usr/lib/x86_64-linux-gnu/ld-2.31.so
7f7451d4b000-7f7451d4c000 r--p 0002c000 08:20 27855                      /usr/lib/x86_64-linux-gnu/ld-2.31.so
7f7451d4c000-7f7451d4d000 rw-p 0002d000 08:20 27855                      /usr/lib/x86_64-linux-gnu/ld-2.31.so
7f7451d4d000-7f7451d4e000 rw-p 00000000 00:00 0 
7ffcab40e000-7ffcab430000 rw-p 00000000 00:00 0                          [stack]
7ffcab486000-7ffcab489000 r--p 00000000 00:00 0                          [vvar]
7ffcab489000-7ffcab48b000 r-xp 00000000 00:00 0                          [vdso]


VM Arguments:
jvm_args: -agentlib:jdwp=transport=dt_socket,server=n,suspend=y,address=192.168.124.1:34539 -Dfile.encoding=windows-1252 -Duser.country=US -Duser.language=en -Duser.variant 
java_command: station_rate.AppKt
java_class_path (initial): /home/rollie/repos/station_rate/app/build/classes/java/main:/home/rollie/repos/station_rate/app/build/classes/kotlin/main:/home/rollie/repos/station_rate/app/build/resources/main:/home/rollie/.gradle/caches/modules-2/files-2.1/de.brudaswen.kotlinx.serialization/kotlinx-serialization-csv/2.0.0/83ae0d3196bfc257b5e70f1c4830c21bc11035ee/kotlinx-serialization-csv-2.0.0.jar:/home/rollie/.gradle/caches/modules-2/files-2.1/org.jetbrains.kotlin/kotlin-stdlib-jdk8/1.5.30/5fd47535cc85f9e24996f939c2de6583991481b0/kotlin-stdlib-jdk8-1.5.30.jar:/home/rollie/.gradle/caches/modules-2/files-2.1/com.google.maps/google-maps-services/0.19.0/5153cc846d83330dcadbf9a28be9dd20da194ffa/google-maps-services-0.19.0.jar:/home/rollie/.gradle/caches/modules-2/files-2.1/com.google.guava/guava/29.0-jre/801142b4c3d0f0770dd29abea50906cacfddd447/guava-29.0-jre.jar:/home/rollie/.gradle/caches/modules-2/files-2.1/com.squareup.moshi/moshi-kotlin/1.12.0/b320f489271fbad515583ae0e3b4349578ca91a7/moshi-kotlin-1.12.0.jar:/home/rollie/.gradle/caches/modules-2/files-2.1/com.squareup.moshi/moshi-adapters/1.12.0/bd5fd881c326a71d0d578d08262f410c55cc52cb/moshi-adapters-1.12.0.jar:/home/rollie/.gradle/caches/modules-2/files-2.1/com.squareup.moshi/moshi/1.12.0/acd95d4d815f2752e6507e29e92b258c1323c38d/moshi-1.12.0.jar:/home/rollie/.gradle/caches/modules-2/files-2.1/org.jetbrains.kotlin/kotlin-stdlib-jdk7/1.5.30/525f5a7fa6d7790a571c07dd24214ed2dda352fe/kotlin-stdlib-jdk7-1.5.30.jar:/home/rollie/.gradle/caches/modules-2/files-2.1/com.squareup.okhttp3/okhttp/4.9.1/51215279c3fe472c59b6b7dd7491e6ac2e28a81b/okhttp-4.9.1.jar:/home/rollie/.gradle/caches/modules-2/files-2.1/org.jetbrains.kotlinx/kotlinx-serialization-json-jvm/1.3.0-RC/aeafc3f15e1be9e5e85cb123dcd35cedd7785c5d/kotlinx-serialization-json-jvm-1.3.0-RC.jar:/home/rollie/.gradle/caches/modules-2/files-2.1/com.squareup.okio/okio/2.10.0/accaddddbb597fb70290fd40358b1ce66b8c2b3d/okio-jvm-2.10.0.jar:/home/rollie/.gradle/caches/modules-2/files
Launcher Type: SUN_STANDARD

[Global flags]
     intx CICompilerCount                          = 12                                        {product} {ergonomic}
     uint ConcGCThreads                            = 3                                         {product} {ergonomic}
     uint G1ConcRefinementThreads                  = 13                                        {product} {ergonomic}
   size_t G1HeapRegionSize                         = 1048576                                   {product} {ergonomic}
    uintx GCDrainStackTargetSize                   = 64                                        {product} {ergonomic}
   size_t InitialHeapSize                          = 132120576                                 {product} {ergonomic}
   size_t MarkStackSize                            = 4194304                                   {product} {ergonomic}
   size_t MaxHeapSize                              = 2086666240                                {product} {ergonomic}
   size_t MaxNewSize                               = 1251999744                                {product} {ergonomic}
   size_t MinHeapDeltaBytes                        = 1048576                                   {product} {ergonomic}
    uintx NonNMethodCodeHeapSize                   = 7594288                                {pd product} {ergonomic}
    uintx NonProfiledCodeHeapSize                  = 122031976                              {pd product} {ergonomic}
    uintx ProfiledCodeHeapSize                     = 122031976                              {pd product} {ergonomic}
    uintx ReservedCodeCacheSize                    = 251658240                              {pd product} {ergonomic}
     bool SegmentedCodeCache                       = true                                      {product} {ergonomic}
     bool UseCompressedClassPointers               = true                                 {lp64_product} {ergonomic}
     bool UseCompressedOops                        = true                                 {lp64_product} {ergonomic}
     bool UseG1GC                                  = true                                      {product} {ergonomic}

Logging:
Log output configuration:
 #0: stdout all=warning uptime,level,tags
 #1: stderr all=off uptime,level,tags

Environment Variables:
PATH=/usr/local/sbin:/usr/local/bin:/usr/sbin:/usr/bin:/sbin:/bin:/usr/games:/usr/local/games:/mnt/c/Program Files/Oculus/Support/oculus-runtime:/mnt/c/windows/system32:/mnt/c/windows:/mnt/c/windows/System32/Wbem:/mnt/c/windows/System32/WindowsPowerShell/v1.0/:/mnt/c/windows/System32/OpenSSH/:/mnt/c/Program Files/dotnet/:/mnt/c/Program Files/Calibre2/:/mnt/c/Program Files/Git/cmd:/mnt/c/Program Files (x86)/Google/Cloud SDK/google-cloud-sdk/bin:/mnt/c/Program Files/Docker/Docker/resources/bin:/mnt/c/ProgramData/DockerDesktop/version-bin:/mnt/c/Users/Rollie/AppData/Local/Programs/Python/Python38/Scripts/:/mnt/c/Users/Rollie/AppData/Local/Programs/Python/Python38/:/mnt/c/Users/Rollie/AppData/Local/Microsoft/WindowsApps:/mnt/c/Users/Rollie/AppData/Local/Programs/Microsoft VS Code/bin:/mnt/c/Users/Rollie/.dotnet/tools:/mnt/c/Users/Rollie/AppData/Local/Google/Cloud SDK/google-cloud-sdk/bin:/mnt/c/Users/Rollie/AppData/Local/gitkraken/bin
SHELL=/bin/sh
HOSTTYPE=x86_64
LANG=en_US.UTF-8

Signal Handlers:
SIGSEGV: [libjvm.so+0xe824c0], sa_mask[0]=11111111011111111101111111111110, sa_flags=SA_RESTART|SA_SIGINFO
SIGBUS: [libjvm.so+0xe824c0], sa_mask[0]=11111111011111111101111111111110, sa_flags=SA_RESTART|SA_SIGINFO
SIGFPE: [libjvm.so+0xe824c0], sa_mask[0]=11111111011111111101111111111110, sa_flags=SA_RESTART|SA_SIGINFO
SIGPIPE: [libjvm.so+0xbc8ee0], sa_mask[0]=11111111011111111101111111111110, sa_flags=SA_RESTART|SA_SIGINFO
SIGXFSZ: [libjvm.so+0xbc8ee0], sa_mask[0]=11111111011111111101111111111110, sa_flags=SA_RESTART|SA_SIGINFO
SIGILL: [libjvm.so+0xe824c0], sa_mask[0]=11111111011111111101111111111110, sa_flags=SA_RESTART|SA_SIGINFO
SIGUSR2: [libjvm.so+0xbc8d80], sa_mask[0]=00100000000000000000000000000000, sa_flags=SA_RESTART|SA_SIGINFO
SIGHUP: [libjvm.so+0xbc9220], sa_mask[0]=11111111011111111101111111111110, sa_flags=SA_RESTART|SA_SIGINFO
SIGINT: [libjvm.so+0xbc9220], sa_mask[0]=11111111011111111101111111111110, sa_flags=SA_RESTART|SA_SIGINFO
SIGTERM: [libjvm.so+0xbc9220], sa_mask[0]=11111111011111111101111111111110, sa_flags=SA_RESTART|SA_SIGINFO
SIGQUIT: [libjvm.so+0xbc9220], sa_mask[0]=11111111011111111101111111111110, sa_flags=SA_RESTART|SA_SIGINFO


---------------  S Y S T E M  ---------------

OS:DISTRIB_ID=Ubuntu
DISTRIB_RELEASE=20.04
DISTRIB_CODENAME=focal
DISTRIB_DESCRIPTION="Ubuntu 20.04.1 LTS"
uname:Linux 4.19.128-microsoft-standard #1 SMP Tue Jun 23 12:58:10 UTC 2020 x86_64
OS uptime: 14 days 22:38 hours
libc:glibc 2.31 NPTL 2.31 
rlimit (soft/hard): STACK 8192k/infinity , CORE 0k/infinity , NPROC 31813/31813 , NOFILE 4096/4096 , AS infinity/infinity , CPU infinity/infinity , DATA infinity/infinity , FSIZE infinity/infinity , MEMLOCK 64k/64k
load average:0.32 0.09 0.02

/proc/meminfo:
MemTotal:        8149036 kB
MemFree:          132256 kB
MemAvailable:      61388 kB
Buffers:            4884 kB
Cached:           492288 kB
SwapCached:            0 kB
Active:          7334592 kB
Inactive:         425320 kB
Active(anon):    7288160 kB
Inactive(anon):   385576 kB
Active(file):      46432 kB
Inactive(file):    39744 kB
Unevictable:           0 kB
Mlocked:               0 kB
SwapTotal:             0 kB
SwapFree:              0 kB
Dirty:               948 kB
Writeback:             0 kB
AnonPages:       7263296 kB
Mapped:           122628 kB
Shmem:            410772 kB
Slab:             112156 kB
SReclaimable:      36792 kB
SUnreclaim:        75364 kB
KernelStack:       22688 kB
PageTables:        34672 kB
NFS_Unstable:          0 kB
Bounce:                0 kB
WritebackTmp:          0 kB
CommitLimit:     4074516 kB
Committed_AS:   11533472 kB
VmallocTotal:   34359738367 kB
VmallocUsed:           0 kB
VmallocChunk:          0 kB
Percpu:             4928 kB
AnonHugePages:   4771840 kB
ShmemHugePages:        0 kB
ShmemPmdMapped:        0 kB
HugePages_Total:       0
HugePages_Free:        0
HugePages_Rsvd:        0
HugePages_Surp:        0
Hugepagesize:       2048 kB
Hugetlb:               0 kB
DirectMap4k:       13312 kB
DirectMap2M:     3131392 kB
DirectMap1G:     6291456 kB

/sys/kernel/mm/transparent_hugepage/enabled:
[always] madvise never
/sys/kernel/mm/transparent_hugepage/defrag (defrag/compaction efforts parameter):
always defer defer+madvise [madvise] never

/proc/sys/kernel/threads-max (system-wide limit on the number of threads):
63626
/proc/sys/vm/max_map_count (maximum number of memory map areas a process may have):
65530
/proc/sys/kernel/pid_max (system-wide limit on number of process identifiers):
32768

container (cgroup) information:
container_type: cgroupv1
cpu_cpuset_cpus: 0-15
cpu_memory_nodes: 0
active_processor_count: 16
cpu_quota: -1
cpu_period: 100000
cpu_shares: -1
memory_limit_in_bytes: -1
memory_and_swap_limit_in_bytes: -1
memory_soft_limit_in_bytes: -1
memory_usage_in_bytes: 7947730944
memory_max_usage_in_bytes: 32024543232

HyperV virtualization detected
Steal ticks since vm start: 0
Steal ticks percentage since vm start:  0.000

CPU:total 16 (initial active 16) (16 cores per cpu, 2 threads per core) family 23 model 8 stepping 2, cmov, cx8, fxsr, mmx, sse, sse2, sse3, ssse3, sse4.1, sse4.2, popcnt, avx, avx2, aes, clmul, mmxext, 3dnowpref, lzcnt, sse4a, ht, tsc, bmi1, bmi2, adx, sha, fma
CPU Model and flags from /proc/cpuinfo:
model name	: AMD Ryzen 7 2700X Eight-Core Processor
flags		: fpu vme de pse tsc msr pae mce cx8 apic sep mtrr pge mca cmov pat pse36 clflush mmx fxsr sse sse2 ht syscall nx mmxext fxsr_opt pdpe1gb rdtscp lm rep_good nopl cpuid extd_apicid pni pclmulqdq ssse3 fma cx16 sse4_1 sse4_2 movbe popcnt aes xsave avx f16c rdrand hypervisor lahf_lm cmp_legacy cr8_legacy abm sse4a misalignsse 3dnowprefetch osvw topoext ssbd ibpb vmmcall fsgsbase bmi1 avx2 smep bmi2 rdseed adx smap clflushopt sha_ni xsaveopt xsavec xgetbv1 xsaves clzero xsaveerptr virt_ssbd arat
Online cpus:
0-15
Offline cpus:

BIOS frequency limitation:
<Not Available>
Frequency switch latency (ns):
<Not Available>
Available cpu frequencies:
<Not Available>
Current governor:
<Not Available>
Core performance/turbo boost:
<Not Available>

Memory: 4k page, physical 8149036k(132004k free), swap 0k(0k free)

vm_info: OpenJDK 64-Bit Server VM (11.0.9.1+1-Ubuntu-0ubuntu1.20.04) for linux-amd64 JRE (11.0.9.1+1-Ubuntu-0ubuntu1.20.04), built on Nov 10 2020 04:18:42 by "unknown" with gcc 9.3.0

END.
